2023-03-07 11:40:01.947 [info] Extension host with pid 80364 started
2023-03-07 11:40:01.947 [info] Skipping acquiring lock for /home/agneta/.config/Code/User/workspaceStorage/135cb55ceeedcebed3952234218dc709.
2023-03-07 11:40:02.035 [info] ExtensionService#_doActivateExtension vscode.emmet, startup: false, activationEvent: 'onLanguage'
2023-03-07 11:40:02.047 [info] ExtensionService#_doActivateExtension vscode.git-base, startup: true, activationEvent: '*', root cause: vscode.git
2023-03-07 11:40:02.085 [info] ExtensionService#_doActivateExtension vscode.git, startup: true, activationEvent: '*'
2023-03-07 11:40:02.126 [info] ExtensionService#_doActivateExtension vscode.github, startup: true, activationEvent: '*'
2023-03-07 11:40:02.240 [info] Eager extensions activated
2023-03-07 11:40:02.409 [info] ExtensionService#_doActivateExtension vscode.debug-auto-launch, startup: false, activationEvent: 'onStartupFinished'
2023-03-07 11:40:02.414 [info] ExtensionService#_doActivateExtension vscode.merge-conflict, startup: false, activationEvent: 'onStartupFinished'
2023-03-07 11:40:02.796 [warning] [Decorations] CAPPING events from decorations provider vscode.git 493
2023-03-07 11:40:03.612 [warning] [Decorations] CAPPING events from decorations provider vscode.git 494
2023-03-07 11:40:03.918 [info] ExtensionService#_doActivateExtension vscode.github-authentication, startup: false, activationEvent: 'onAuthenticationRequest:github'
2023-03-07 11:40:04.109 [info] ExtensionService#_doActivateExtension vscode.microsoft-authentication, startup: false, activationEvent: 'onAuthenticationRequest:microsoft'
2023-03-07 11:40:08.881 [warning] [Decorations] CAPPING events from decorations provider vscode.git 497
2023-03-07 11:40:14.056 [warning] [Decorations] CAPPING events from decorations provider vscode.git 497
2023-03-07 11:40:19.239 [warning] [Decorations] CAPPING events from decorations provider vscode.git 497
2023-03-07 11:40:24.411 [warning] [Decorations] CAPPING events from decorations provider vscode.git 497
2023-03-07 11:40:29.582 [warning] [Decorations] CAPPING events from decorations provider vscode.git 497
2023-03-07 11:40:34.752 [warning] [Decorations] CAPPING events from decorations provider vscode.git 497
2023-03-07 11:40:39.928 [warning] [Decorations] CAPPING events from decorations provider vscode.git 495
2023-03-07 11:40:45.113 [warning] [Decorations] CAPPING events from decorations provider vscode.git 495
2023-03-07 11:40:50.290 [warning] [Decorations] CAPPING events from decorations provider vscode.git 495
2023-03-07 11:40:55.460 [warning] [Decorations] CAPPING events from decorations provider vscode.git 495
2023-03-07 11:41:00.634 [warning] [Decorations] CAPPING events from decorations provider vscode.git 495
2023-03-07 11:41:05.810 [warning] [Decorations] CAPPING events from decorations provider vscode.git 495
2023-03-07 11:41:10.978 [warning] [Decorations] CAPPING events from decorations provider vscode.git 495
2023-03-07 11:41:15.855 [info] ExtensionService#_doActivateExtension vscode.html-language-features, startup: false, activationEvent: 'onLanguage:html'
2023-03-07 11:41:16.451 [warning] [Decorations] CAPPING events from decorations provider vscode.git 496
2023-03-07 11:41:21.624 [warning] [Decorations] CAPPING events from decorations provider vscode.git 496
2023-03-07 11:41:26.799 [warning] [Decorations] CAPPING events from decorations provider vscode.git 496
2023-03-07 11:41:34.057 [warning] [Decorations] CAPPING events from decorations provider vscode.git 496
2023-03-07 11:41:46.052 [warning] [Decorations] CAPPING events from decorations provider vscode.git 496
2023-03-07 11:41:51.230 [warning] [Decorations] CAPPING events from decorations provider vscode.git 496
2023-03-07 11:41:56.403 [warning] [Decorations] CAPPING events from decorations provider vscode.git 496
2023-03-07 11:41:59.342 [info] Extension host terminating: renderer closed the MessagePort
2023-03-07 11:41:59.356 [error] Canceled: Canceled
	at new a (/usr/share/code/resources/app/out/vs/workbench/api/node/extensionHostProcess.js:96:88793)
	at c.O (/usr/share/code/resources/app/out/vs/workbench/api/node/extensionHostProcess.js:106:11260)
	at V.<computed>.Q.charCodeAt.V.<computed> (/usr/share/code/resources/app/out/vs/workbench/api/node/extensionHostProcess.js:106:8550)
	at l.g (/usr/share/code/resources/app/out/vs/workbench/api/node/extensionHostProcess.js:96:108198)
	at l.executeCommand (/usr/share/code/resources/app/out/vs/workbench/api/node/extensionHostProcess.js:96:107574)
	at O.registerCommand.description (/usr/share/code/resources/app/out/vs/workbench/api/node/extensionHostProcess.js:96:106867)
	at l.h (/usr/share/code/resources/app/out/vs/workbench/api/node/extensionHostProcess.js:96:108784)
	at l.g (/usr/share/code/resources/app/out/vs/workbench/api/node/extensionHostProcess.js:96:107674)
	at l.executeCommand (/usr/share/code/resources/app/out/vs/workbench/api/node/extensionHostProcess.js:96:107574)
	at Object.executeCommand (/usr/share/code/resources/app/out/vs/workbench/api/node/extensionHostProcess.js:117:30781)
	at D (/usr/share/code/resources/app/extensions/git/dist/main.js:2:1467127)
	at f.invoke (/usr/share/code/resources/app/out/vs/workbench/api/node/extensionHostProcess.js:63:145)
	at g.deliver (/usr/share/code/resources/app/out/vs/workbench/api/node/extensionHostProcess.js:63:2066)
	at h.fire (/usr/share/code/resources/app/out/vs/workbench/api/node/extensionHostProcess.js:63:1704)
	at Object.m [as dispose] (/usr/share/code/resources/app/extensions/git/dist/main.js:2:1481856)
	at /usr/share/code/resources/app/extensions/git/dist/main.js:2:1485923
	at Array.forEach (<anonymous>)
	at g.dispose (/usr/share/code/resources/app/extensions/git/dist/main.js:2:1485909)
	at C.<anonymous> (/usr/share/code/resources/app/out/vs/workbench/api/node/extensionHostProcess.js:94:12431)
	at C.dispose (/usr/share/code/resources/app/out/vs/workbench/api/node/extensionHostProcess.js:94:12566)
	at C.<anonymous> (/usr/share/code/resources/app/extensions/git/dist/main.js:2:1469257)
	at C.dispose (/usr/share/code/resources/app/out/vs/workbench/api/node/extensionHostProcess.js:94:12566)
	at k (/usr/share/code/resources/app/out/vs/workbench/api/node/extensionHostProcess.js:10:12074)
	at f.X (/usr/share/code/resources/app/out/vs/workbench/api/node/extensionHostProcess.js:108:11284)
	at /usr/share/code/resources/app/out/vs/workbench/api/node/extensionHostProcess.js:108:9088
	at Array.map (<anonymous>)
	at f.Q (/usr/share/code/resources/app/out/vs/workbench/api/node/extensionHostProcess.js:108:9075)
	at f.terminate (/usr/share/code/resources/app/out/vs/workbench/api/node/extensionHostProcess.js:108:9347)
	at u.terminate (/usr/share/code/resources/app/out/vs/workbench/api/node/extensionHostProcess.js:112:1397)
	at p (/usr/share/code/resources/app/out/vs/workbench/api/node/extensionHostProcess.js:122:18592)
	at MessagePortMain.<anonymous> (/usr/share/code/resources/app/out/vs/workbench/api/node/extensionHostProcess.js:122:14731)
	at MessagePortMain.emit (node:events:526:28)
	at MessagePortMain._internalPort.emit (node:electron/js2c/utility_init:5:364) setContext undefined
2023-03-07 11:41:59.372 [info] Extension host with pid 80364 exiting with code 0
