2023-03-07 11:45:14.615 [info] Log level: Info
2023-03-07 11:45:14.615 [info] Validating found git in: "git"
2023-03-07 11:45:14.615 [info] Using git "2.39.2" from "git"
2023-03-07 11:45:39.244 [info] Log level: Info
2023-03-07 11:45:39.244 [info] Validating found git in: "git"
2023-03-07 11:45:39.244 [info] Using git "2.39.2" from "git"
2023-03-07 11:45:39.247 [info] > git rev-parse --show-toplevel [11ms]
2023-03-07 11:45:39.256 [info] > git rev-parse --git-dir --git-common-dir [3ms]
2023-03-07 11:45:39.273 [info] Open repository: /home/agneta
2023-03-07 11:45:39.307 [info] > git rev-parse --show-toplevel [20ms]
2023-03-07 11:45:39.319 [info] > git config --get commit.template [12ms]
2023-03-07 11:45:39.324 [info] > git for-each-ref --format=%(refname)%00%(upstream:short)%00%(objectname)%00%(upstream:track)%00%(upstream:remotename)%00%(upstream:remoteref) refs/heads/main refs/remotes/main [8ms]
2023-03-07 11:45:39.519 [info] > git status -z -uall [187ms]
2023-03-07 11:45:39.747 [info] > git config --get commit.template [144ms]
2023-03-07 11:45:39.765 [info] > git for-each-ref --format=%(refname)%00%(upstream:short)%00%(objectname)%00%(upstream:track)%00%(upstream:remotename)%00%(upstream:remoteref) refs/heads/main refs/remotes/main [4ms]
2023-03-07 11:45:39.808 [info] > git check-ignore -v -z --stdin [6ms]
2023-03-07 11:45:39.943 [info] > git status -z -uall [172ms]
2023-03-07 11:45:44.138 [info] > git config --get commit.template [1ms]
2023-03-07 11:45:44.145 [info] > git for-each-ref --format=%(refname)%00%(upstream:short)%00%(objectname)%00%(upstream:track)%00%(upstream:remotename)%00%(upstream:remoteref) refs/heads/main refs/remotes/main [1ms]
2023-03-07 11:45:44.297 [info] > git status -z -uall [148ms]
2023-03-07 11:45:47.106 [info] > git check-ignore -v -z --stdin [7ms]
2023-03-07 11:45:49.327 [info] > git config --get commit.template [6ms]
2023-03-07 11:45:49.328 [info] > git for-each-ref --format=%(refname)%00%(upstream:short)%00%(objectname)%00%(upstream:track)%00%(upstream:remotename)%00%(upstream:remoteref) refs/heads/main refs/remotes/main [2ms]
2023-03-07 11:45:49.467 [info] > git status -z -uall [135ms]
2023-03-07 11:45:54.499 [info] > git config --get commit.template [9ms]
2023-03-07 11:45:54.500 [info] > git for-each-ref --format=%(refname)%00%(upstream:short)%00%(objectname)%00%(upstream:track)%00%(upstream:remotename)%00%(upstream:remoteref) refs/heads/main refs/remotes/main [1ms]
2023-03-07 11:45:54.637 [info] > git status -z -uall [133ms]
2023-03-07 11:45:59.675 [info] > git config --get commit.template [7ms]
2023-03-07 11:45:59.676 [info] > git for-each-ref --format=%(refname)%00%(upstream:short)%00%(objectname)%00%(upstream:track)%00%(upstream:remotename)%00%(upstream:remoteref) refs/heads/main refs/remotes/main [2ms]
2023-03-07 11:45:59.818 [info] > git status -z -uall [139ms]
2023-03-07 11:46:50.113 [info] > git config --get commit.template [8ms]
2023-03-07 11:46:50.114 [info] > git for-each-ref --format=%(refname)%00%(upstream:short)%00%(objectname)%00%(upstream:track)%00%(upstream:remotename)%00%(upstream:remoteref) refs/heads/main refs/remotes/main [3ms]
2023-03-07 11:46:50.309 [info] > git status -z -uall [189ms]
2023-03-07 11:46:55.345 [info] > git config --get commit.template [6ms]
2023-03-07 11:46:55.345 [info] > git for-each-ref --format=%(refname)%00%(upstream:short)%00%(objectname)%00%(upstream:track)%00%(upstream:remotename)%00%(upstream:remoteref) refs/heads/main refs/remotes/main [2ms]
2023-03-07 11:46:55.507 [info] > git status -z -uall [158ms]
2023-03-07 11:47:00.553 [info] > git config --get commit.template [5ms]
2023-03-07 11:47:00.556 [info] > git for-each-ref --format=%(refname)%00%(upstream:short)%00%(objectname)%00%(upstream:track)%00%(upstream:remotename)%00%(upstream:remoteref) refs/heads/main refs/remotes/main [3ms]
2023-03-07 11:47:00.727 [info] > git status -z -uall [165ms]
2023-03-07 11:47:05.755 [info] > git config --get commit.template [3ms]
2023-03-07 11:47:05.764 [info] > git for-each-ref --format=%(refname)%00%(upstream:short)%00%(objectname)%00%(upstream:track)%00%(upstream:remotename)%00%(upstream:remoteref) refs/heads/main refs/remotes/main [3ms]
2023-03-07 11:47:05.932 [info] > git status -z -uall [164ms]
2023-03-07 11:47:06.009 [info] > git clone https://github.com/agneta1991/Etch-a-Sketch /home/agneta/Desktop/New Folder/etch-a-sketch/Etch-a-Sketch --progress [15957ms]
2023-03-07 11:47:06.009 [info] Cloning into '/home/agneta/Desktop/New Folder/etch-a-sketch/Etch-a-Sketch'...
remote: Enumerating objects: 3, done.        
remote: Counting objects:  33% (1/3)        remote: Counting objects:  66% (2/3)        remote: Counting objects: 100% (3/3)        remote: Counting objects: 100% (3/3), done.        
remote: Total 3 (delta 0), reused 3 (delta 0), pack-reused 0        
Receiving objects:  33% (1/3)Receiving objects:  66% (2/3)Receiving objects: 100% (3/3)Receiving objects: 100% (3/3), done.
2023-03-07 11:47:19.649 [info] > git config --get commit.template [10ms]
2023-03-07 11:47:19.650 [info] > git for-each-ref --format=%(refname)%00%(upstream:short)%00%(objectname)%00%(upstream:track)%00%(upstream:remotename)%00%(upstream:remoteref) refs/heads/main refs/remotes/main [3ms]
2023-03-07 11:47:20.044 [info] > git status -z -uall [385ms]
2023-03-07 11:47:21.261 [info] Log level: Info
2023-03-07 11:47:21.261 [info] Validating found git in: "git"
2023-03-07 11:47:21.261 [info] Using git "2.39.2" from "git"
2023-03-07 11:47:21.279 [info] > git rev-parse --show-toplevel [46ms]
2023-03-07 11:47:21.323 [info] > git rev-parse --git-dir --git-common-dir [35ms]
2023-03-07 11:47:21.346 [info] Open repository: /home/agneta
2023-03-07 11:47:21.425 [info] > git rev-parse --show-toplevel [50ms]
2023-03-07 11:47:21.444 [info] > git config --get commit.template [19ms]
2023-03-07 11:47:21.458 [info] > git rev-parse --git-dir --git-common-dir [16ms]
2023-03-07 11:47:21.468 [info] Open repository: /home/agneta/Desktop/New Folder/etch-a-sketch/Etch-a-Sketch
2023-03-07 11:47:21.491 [info] > git for-each-ref --format=%(refname)%00%(upstream:short)%00%(objectname)%00%(upstream:track)%00%(upstream:remotename)%00%(upstream:remoteref) refs/heads/main refs/remotes/main [35ms]
2023-03-07 11:47:21.504 [info] > git config --get commit.template [13ms]
2023-03-07 11:47:21.504 [info] > git rev-parse --show-toplevel [24ms]
2023-03-07 11:47:21.530 [info] > git for-each-ref --format=%(refname)%00%(upstream:short)%00%(objectname)%00%(upstream:track)%00%(upstream:remotename)%00%(upstream:remoteref) refs/heads/main refs/remotes/main [12ms]
2023-03-07 11:47:21.564 [info] > git status -z -uall [10ms]
2023-03-07 11:47:21.597 [info] > git config --get commit.template [14ms]
2023-03-07 11:47:21.602 [info] > git for-each-ref --format=%(refname)%00%(upstream:short)%00%(objectname)%00%(upstream:track)%00%(upstream:remotename)%00%(upstream:remoteref) refs/heads/main refs/remotes/main [6ms]
2023-03-07 11:47:21.684 [info] > git status -z -uall [56ms]
2023-03-07 11:47:21.954 [info] > git status -z -uall [453ms]
2023-03-07 11:47:22.027 [info] > git config --get commit.template [2ms]
2023-03-07 11:47:22.042 [info] > git for-each-ref --format=%(refname)%00%(upstream:short)%00%(objectname)%00%(upstream:track)%00%(upstream:remotename)%00%(upstream:remoteref) refs/heads/main refs/remotes/main [5ms]
2023-03-07 11:47:22.448 [info] > git check-ignore -v -z --stdin [34ms]
2023-03-07 11:47:22.465 [info] > git status -z -uall [412ms]
2023-03-07 11:47:30.352 [info] > git config --get commit.template [6ms]
2023-03-07 11:47:30.353 [info] > git for-each-ref --format=%(refname)%00%(upstream:short)%00%(objectname)%00%(upstream:track)%00%(upstream:remotename)%00%(upstream:remoteref) refs/heads/main refs/remotes/main [2ms]
2023-03-07 11:47:30.517 [info] > git status -z -uall [155ms]
2023-03-07 11:47:35.561 [info] > git config --get commit.template [3ms]
2023-03-07 11:47:35.568 [info] > git for-each-ref --format=%(refname)%00%(upstream:short)%00%(objectname)%00%(upstream:track)%00%(upstream:remotename)%00%(upstream:remoteref) refs/heads/main refs/remotes/main [2ms]
2023-03-07 11:47:35.720 [info] > git status -z -uall [147ms]
2023-03-07 11:47:40.770 [info] > git config --get commit.template [1ms]
2023-03-07 11:47:40.778 [info] > git for-each-ref --format=%(refname)%00%(upstream:short)%00%(objectname)%00%(upstream:track)%00%(upstream:remotename)%00%(upstream:remoteref) refs/heads/main refs/remotes/main [1ms]
2023-03-07 11:47:40.941 [info] > git status -z -uall [156ms]
2023-03-07 11:47:45.976 [info] > git config --get commit.template [8ms]
2023-03-07 11:47:45.977 [info] > git for-each-ref --format=%(refname)%00%(upstream:short)%00%(objectname)%00%(upstream:track)%00%(upstream:remotename)%00%(upstream:remoteref) refs/heads/main refs/remotes/main [2ms]
2023-03-07 11:47:46.128 [info] > git status -z -uall [146ms]
2023-03-07 11:47:51.162 [info] > git config --get commit.template [7ms]
2023-03-07 11:47:51.163 [info] > git for-each-ref --format=%(refname)%00%(upstream:short)%00%(objectname)%00%(upstream:track)%00%(upstream:remotename)%00%(upstream:remoteref) refs/heads/main refs/remotes/main [2ms]
2023-03-07 11:47:51.316 [info] > git status -z -uall [148ms]
2023-03-07 11:47:56.353 [info] > git config --get commit.template [6ms]
2023-03-07 11:47:56.354 [info] > git for-each-ref --format=%(refname)%00%(upstream:short)%00%(objectname)%00%(upstream:track)%00%(upstream:remotename)%00%(upstream:remoteref) refs/heads/main refs/remotes/main [2ms]
2023-03-07 11:47:56.511 [info] > git status -z -uall [151ms]
2023-03-07 11:48:01.536 [info] > git config --get commit.template [1ms]
2023-03-07 11:48:01.543 [info] > git for-each-ref --format=%(refname)%00%(upstream:short)%00%(objectname)%00%(upstream:track)%00%(upstream:remotename)%00%(upstream:remoteref) refs/heads/main refs/remotes/main [1ms]
2023-03-07 11:48:01.699 [info] > git status -z -uall [151ms]
2023-03-07 11:48:06.733 [info] > git config --get commit.template [7ms]
2023-03-07 11:48:06.735 [info] > git for-each-ref --format=%(refname)%00%(upstream:short)%00%(objectname)%00%(upstream:track)%00%(upstream:remotename)%00%(upstream:remoteref) refs/heads/main refs/remotes/main [3ms]
2023-03-07 11:48:06.957 [info] > git status -z -uall [216ms]
2023-03-07 11:48:11.996 [info] > git config --get commit.template [7ms]
2023-03-07 11:48:11.997 [info] > git for-each-ref --format=%(refname)%00%(upstream:short)%00%(objectname)%00%(upstream:track)%00%(upstream:remotename)%00%(upstream:remoteref) refs/heads/main refs/remotes/main [2ms]
2023-03-07 11:48:12.161 [info] > git status -z -uall [158ms]
2023-03-07 11:48:17.194 [info] > git config --get commit.template [7ms]
2023-03-07 11:48:17.195 [info] > git for-each-ref --format=%(refname)%00%(upstream:short)%00%(objectname)%00%(upstream:track)%00%(upstream:remotename)%00%(upstream:remoteref) refs/heads/main refs/remotes/main [1ms]
2023-03-07 11:48:17.348 [info] > git status -z -uall [148ms]
2023-03-07 11:48:22.382 [info] > git config --get commit.template [7ms]
2023-03-07 11:48:22.383 [info] > git for-each-ref --format=%(refname)%00%(upstream:short)%00%(objectname)%00%(upstream:track)%00%(upstream:remotename)%00%(upstream:remoteref) refs/heads/main refs/remotes/main [1ms]
2023-03-07 11:48:22.544 [info] > git status -z -uall [155ms]
2023-03-07 11:48:27.584 [info] > git config --get commit.template [1ms]
2023-03-07 11:48:27.592 [info] > git for-each-ref --format=%(refname)%00%(upstream:short)%00%(objectname)%00%(upstream:track)%00%(upstream:remotename)%00%(upstream:remoteref) refs/heads/main refs/remotes/main [2ms]
2023-03-07 11:48:27.760 [info] > git status -z -uall [162ms]
2023-03-07 11:48:32.800 [info] > git config --get commit.template [6ms]
2023-03-07 11:48:32.802 [info] > git for-each-ref --format=%(refname)%00%(upstream:short)%00%(objectname)%00%(upstream:track)%00%(upstream:remotename)%00%(upstream:remoteref) refs/heads/main refs/remotes/main [2ms]
2023-03-07 11:48:32.966 [info] > git status -z -uall [157ms]
2023-03-07 11:48:38.001 [info] > git config --get commit.template [6ms]
2023-03-07 11:48:38.002 [info] > git for-each-ref --format=%(refname)%00%(upstream:short)%00%(objectname)%00%(upstream:track)%00%(upstream:remotename)%00%(upstream:remoteref) refs/heads/main refs/remotes/main [2ms]
2023-03-07 11:48:38.162 [info] > git status -z -uall [153ms]
2023-03-07 11:48:43.197 [info] > git config --get commit.template [6ms]
2023-03-07 11:48:43.198 [info] > git for-each-ref --format=%(refname)%00%(upstream:short)%00%(objectname)%00%(upstream:track)%00%(upstream:remotename)%00%(upstream:remoteref) refs/heads/main refs/remotes/main [2ms]
2023-03-07 11:48:43.365 [info] > git status -z -uall [159ms]
2023-03-07 11:48:48.399 [info] > git config --get commit.template [6ms]
2023-03-07 11:48:48.401 [info] > git for-each-ref --format=%(refname)%00%(upstream:short)%00%(objectname)%00%(upstream:track)%00%(upstream:remotename)%00%(upstream:remoteref) refs/heads/main refs/remotes/main [2ms]
2023-03-07 11:48:48.555 [info] > git status -z -uall [147ms]
2023-03-07 11:48:53.578 [info] > git config --get commit.template [2ms]
2023-03-07 11:48:53.586 [info] > git for-each-ref --format=%(refname)%00%(upstream:short)%00%(objectname)%00%(upstream:track)%00%(upstream:remotename)%00%(upstream:remoteref) refs/heads/main refs/remotes/main [2ms]
2023-03-07 11:48:53.747 [info] > git status -z -uall [155ms]
2023-03-07 11:48:58.784 [info] > git config --get commit.template [12ms]
2023-03-07 11:48:58.785 [info] > git for-each-ref --format=%(refname)%00%(upstream:short)%00%(objectname)%00%(upstream:track)%00%(upstream:remotename)%00%(upstream:remoteref) refs/heads/main refs/remotes/main [2ms]
2023-03-07 11:48:58.941 [info] > git status -z -uall [148ms]
2023-03-07 11:49:03.963 [info] > git config --get commit.template [1ms]
2023-03-07 11:49:03.970 [info] > git for-each-ref --format=%(refname)%00%(upstream:short)%00%(objectname)%00%(upstream:track)%00%(upstream:remotename)%00%(upstream:remoteref) refs/heads/main refs/remotes/main [1ms]
2023-03-07 11:49:04.124 [info] > git status -z -uall [148ms]
2023-03-07 11:49:09.157 [info] > git config --get commit.template [11ms]
2023-03-07 11:49:09.158 [info] > git for-each-ref --format=%(refname)%00%(upstream:short)%00%(objectname)%00%(upstream:track)%00%(upstream:remotename)%00%(upstream:remoteref) refs/heads/main refs/remotes/main [2ms]
2023-03-07 11:49:09.311 [info] > git status -z -uall [148ms]
2023-03-07 11:49:14.346 [info] > git config --get commit.template [8ms]
2023-03-07 11:49:14.348 [info] > git for-each-ref --format=%(refname)%00%(upstream:short)%00%(objectname)%00%(upstream:track)%00%(upstream:remotename)%00%(upstream:remoteref) refs/heads/main refs/remotes/main [3ms]
2023-03-07 11:49:14.519 [info] > git status -z -uall [165ms]
2023-03-07 11:49:19.981 [info] > git check-ignore -v -z --stdin [4ms]
2023-03-07 11:50:15.171 [info] > git -c user.useConfigOnly=true commit --quiet [56313ms]
2023-03-07 11:50:15.186 [info] > git config --get commit.template [10ms]
2023-03-07 11:50:15.191 [info] > git for-each-ref --format=%(refname)%00%(upstream:short)%00%(objectname)%00%(upstream:track)%00%(upstream:remotename)%00%(upstream:remoteref) refs/heads/main refs/remotes/main [3ms]
2023-03-07 11:50:15.339 [info] > git status -z -uall [142ms]
2023-03-07 11:50:15.405 [info] > git config --get commit.template [23ms]
2023-03-07 11:50:15.406 [info] > git for-each-ref --format=%(refname)%00%(upstream:short)%00%(objectname)%00%(upstream:track)%00%(upstream:remotename)%00%(upstream:remoteref) refs/heads/main refs/remotes/main [7ms]
2023-03-07 11:50:15.554 [info] > git status -z -uall [134ms]
2023-03-07 11:50:15.802 [info] > git for-each-ref --format=%(refname)%00%(upstream:short)%00%(objectname)%00%(upstream:track)%00%(upstream:remotename)%00%(upstream:remoteref) refs/heads/main refs/remotes/main [131ms]
2023-03-07 11:50:15.802 [info] > git config --get commit.template [155ms]
2023-03-07 11:50:15.873 [info] > git status -z -uall [66ms]
2023-03-07 11:50:20.595 [info] > git config --get commit.template [6ms]
2023-03-07 11:50:20.595 [info] > git for-each-ref --format=%(refname)%00%(upstream:short)%00%(objectname)%00%(upstream:track)%00%(upstream:remotename)%00%(upstream:remoteref) refs/heads/main refs/remotes/main [2ms]
2023-03-07 11:50:20.647 [info] > git status -z -uall [47ms]
2023-03-07 11:50:25.671 [info] > git config --get commit.template [2ms]
2023-03-07 11:50:25.678 [info] > git for-each-ref --format=%(refname)%00%(upstream:short)%00%(objectname)%00%(upstream:track)%00%(upstream:remotename)%00%(upstream:remoteref) refs/heads/main refs/remotes/main [1ms]
2023-03-07 11:50:25.732 [info] > git status -z -uall [49ms]
2023-03-07 11:50:30.754 [info] > git config --get commit.template [2ms]
2023-03-07 11:50:30.764 [info] > git for-each-ref --format=%(refname)%00%(upstream:short)%00%(objectname)%00%(upstream:track)%00%(upstream:remotename)%00%(upstream:remoteref) refs/heads/main refs/remotes/main [2ms]
2023-03-07 11:50:30.822 [info] > git status -z -uall [52ms]
2023-03-07 11:50:35.848 [info] > git config --get commit.template [1ms]
2023-03-07 11:50:35.855 [info] > git for-each-ref --format=%(refname)%00%(upstream:short)%00%(objectname)%00%(upstream:track)%00%(upstream:remotename)%00%(upstream:remoteref) refs/heads/main refs/remotes/main [2ms]
2023-03-07 11:50:35.913 [info] > git status -z -uall [50ms]
2023-03-07 11:50:44.804 [info] > git config --get commit.template [2ms]
2023-03-07 11:50:44.839 [info] > git for-each-ref --format=%(refname)%00%(upstream:short)%00%(objectname)%00%(upstream:track)%00%(upstream:remotename)%00%(upstream:remoteref) refs/heads/main refs/remotes/main [10ms]
2023-03-07 11:50:44.956 [info] > git status -z -uall [76ms]
2023-03-07 11:50:56.898 [info] > git config --get commit.template [10ms]
2023-03-07 11:50:56.911 [info] > git for-each-ref --format=%(refname)%00%(upstream:short)%00%(objectname)%00%(upstream:track)%00%(upstream:remotename)%00%(upstream:remoteref) refs/heads/main refs/remotes/main [3ms]
2023-03-07 11:50:56.974 [info] > git status -z -uall [58ms]
2023-03-07 11:51:02.002 [info] > git config --get commit.template [1ms]
2023-03-07 11:51:02.012 [info] > git for-each-ref --format=%(refname)%00%(upstream:short)%00%(objectname)%00%(upstream:track)%00%(upstream:remotename)%00%(upstream:remoteref) refs/heads/main refs/remotes/main [6ms]
2023-03-07 11:51:02.073 [info] > git status -z -uall [57ms]
2023-03-07 11:51:07.117 [info] > git config --get commit.template [2ms]
2023-03-07 11:51:07.123 [info] > git for-each-ref --format=%(refname)%00%(upstream:short)%00%(objectname)%00%(upstream:track)%00%(upstream:remotename)%00%(upstream:remoteref) refs/heads/main refs/remotes/main [2ms]
2023-03-07 11:51:07.182 [info] > git status -z -uall [53ms]
2023-03-07 11:51:08.542 [info] > git push origin main:main [43554ms]
2023-03-07 11:51:08.543 [info] Everything up-to-date
2023-03-07 11:51:08.555 [info] > git config --get commit.template [6ms]
2023-03-07 11:51:08.556 [info] > git for-each-ref --format=%(refname)%00%(upstream:short)%00%(objectname)%00%(upstream:track)%00%(upstream:remotename)%00%(upstream:remoteref) refs/heads/main refs/remotes/main [2ms]
2023-03-07 11:51:08.564 [info] > git status -z -uall [1ms]
2023-03-07 11:51:12.207 [info] > git config --get commit.template [1ms]
2023-03-07 11:51:12.217 [info] > git for-each-ref --format=%(refname)%00%(upstream:short)%00%(objectname)%00%(upstream:track)%00%(upstream:remotename)%00%(upstream:remoteref) refs/heads/main refs/remotes/main [2ms]
2023-03-07 11:51:12.281 [info] > git status -z -uall [59ms]
2023-03-07 11:51:25.308 [info] > git check-ignore -v -z --stdin [8ms]
2023-03-07 11:51:30.866 [info] > git fetch [15594ms]
2023-03-07 11:51:30.880 [info] > git config --get commit.template [5ms]
2023-03-07 11:51:30.881 [info] > git for-each-ref --format=%(refname)%00%(upstream:short)%00%(objectname)%00%(upstream:track)%00%(upstream:remotename)%00%(upstream:remoteref) refs/heads/main refs/remotes/main [1ms]
2023-03-07 11:51:30.887 [info] > git status -z -uall [1ms]
2023-03-07 11:51:31.954 [info] > git config --get commit.template [1ms]
2023-03-07 11:51:31.962 [info] > git for-each-ref --format=%(refname)%00%(upstream:short)%00%(objectname)%00%(upstream:track)%00%(upstream:remotename)%00%(upstream:remoteref) refs/heads/main refs/remotes/main [2ms]
2023-03-07 11:51:31.969 [info] > git status -z -uall [2ms]
2023-03-07 11:51:34.960 [info] > git fetch [19696ms]
2023-03-07 11:51:34.960 [info] From github.com:agneta1991/rock-paper-scissors
 * [new branch]      master     -> origin/master
2023-03-07 11:51:34.971 [info] > git config --get commit.template [6ms]
2023-03-07 11:51:34.972 [info] > git for-each-ref --format=%(refname)%00%(upstream:short)%00%(objectname)%00%(upstream:track)%00%(upstream:remotename)%00%(upstream:remoteref) refs/heads/main refs/remotes/main [2ms]
2023-03-07 11:51:35.028 [info] > git status -z -uall [51ms]
2023-03-07 11:51:35.077 [info] > git config --get commit.template [10ms]
2023-03-07 11:51:35.080 [info] > git for-each-ref --format=%(refname)%00%(upstream:short)%00%(objectname)%00%(upstream:track)%00%(upstream:remotename)%00%(upstream:remoteref) refs/heads/main refs/remotes/main [4ms]
2023-03-07 11:51:35.281 [info] > git status -z -uall [195ms]
2023-03-07 11:51:40.315 [info] > git config --get commit.template [8ms]
2023-03-07 11:51:40.316 [info] > git for-each-ref --format=%(refname)%00%(upstream:short)%00%(objectname)%00%(upstream:track)%00%(upstream:remotename)%00%(upstream:remoteref) refs/heads/main refs/remotes/main [2ms]
2023-03-07 11:51:40.377 [info] > git status -z -uall [57ms]
2023-03-07 11:51:45.413 [info] > git config --get commit.template [11ms]
2023-03-07 11:51:45.414 [info] > git for-each-ref --format=%(refname)%00%(upstream:short)%00%(objectname)%00%(upstream:track)%00%(upstream:remotename)%00%(upstream:remoteref) refs/heads/main refs/remotes/main [2ms]
2023-03-07 11:51:45.473 [info] > git status -z -uall [54ms]
2023-03-07 11:51:50.509 [info] > git config --get commit.template [8ms]
2023-03-07 11:51:50.512 [info] > git for-each-ref --format=%(refname)%00%(upstream:short)%00%(objectname)%00%(upstream:track)%00%(upstream:remotename)%00%(upstream:remoteref) refs/heads/main refs/remotes/main [3ms]
2023-03-07 11:51:50.573 [info] > git status -z -uall [56ms]
2023-03-07 11:51:55.603 [info] > git config --get commit.template [7ms]
2023-03-07 11:51:55.604 [info] > git for-each-ref --format=%(refname)%00%(upstream:short)%00%(objectname)%00%(upstream:track)%00%(upstream:remotename)%00%(upstream:remoteref) refs/heads/main refs/remotes/main [2ms]
2023-03-07 11:51:55.663 [info] > git status -z -uall [54ms]
2023-03-07 11:52:00.696 [info] > git config --get commit.template [9ms]
2023-03-07 11:52:00.698 [info] > git for-each-ref --format=%(refname)%00%(upstream:short)%00%(objectname)%00%(upstream:track)%00%(upstream:remotename)%00%(upstream:remoteref) refs/heads/main refs/remotes/main [2ms]
2023-03-07 11:52:00.755 [info] > git status -z -uall [53ms]
2023-03-07 11:52:05.793 [info] > git config --get commit.template [7ms]
2023-03-07 11:52:05.795 [info] > git for-each-ref --format=%(refname)%00%(upstream:short)%00%(objectname)%00%(upstream:track)%00%(upstream:remotename)%00%(upstream:remoteref) refs/heads/main refs/remotes/main [2ms]
2023-03-07 11:52:05.855 [info] > git status -z -uall [54ms]
2023-03-07 11:52:10.884 [info] > git config --get commit.template [7ms]
2023-03-07 11:52:10.886 [info] > git for-each-ref --format=%(refname)%00%(upstream:short)%00%(objectname)%00%(upstream:track)%00%(upstream:remotename)%00%(upstream:remoteref) refs/heads/main refs/remotes/main [2ms]
2023-03-07 11:52:10.943 [info] > git status -z -uall [52ms]
2023-03-07 11:52:15.974 [info] > git config --get commit.template [8ms]
2023-03-07 11:52:15.975 [info] > git for-each-ref --format=%(refname)%00%(upstream:short)%00%(objectname)%00%(upstream:track)%00%(upstream:remotename)%00%(upstream:remoteref) refs/heads/main refs/remotes/main [2ms]
2023-03-07 11:52:16.033 [info] > git status -z -uall [52ms]
2023-03-07 11:52:21.065 [info] > git config --get commit.template [9ms]
2023-03-07 11:52:21.066 [info] > git for-each-ref --format=%(refname)%00%(upstream:short)%00%(objectname)%00%(upstream:track)%00%(upstream:remotename)%00%(upstream:remoteref) refs/heads/main refs/remotes/main [2ms]
2023-03-07 11:52:21.125 [info] > git status -z -uall [53ms]
2023-03-07 11:52:26.157 [info] > git config --get commit.template [7ms]
2023-03-07 11:52:26.158 [info] > git for-each-ref --format=%(refname)%00%(upstream:short)%00%(objectname)%00%(upstream:track)%00%(upstream:remotename)%00%(upstream:remoteref) refs/heads/main refs/remotes/main [2ms]
2023-03-07 11:52:26.222 [info] > git status -z -uall [58ms]
2023-03-07 11:52:31.250 [info] > git config --get commit.template [8ms]
2023-03-07 11:52:31.252 [info] > git for-each-ref --format=%(refname)%00%(upstream:short)%00%(objectname)%00%(upstream:track)%00%(upstream:remotename)%00%(upstream:remoteref) refs/heads/main refs/remotes/main [3ms]
2023-03-07 11:52:31.310 [info] > git status -z -uall [54ms]
2023-03-07 11:52:36.348 [info] > git config --get commit.template [9ms]
2023-03-07 11:52:36.349 [info] > git for-each-ref --format=%(refname)%00%(upstream:short)%00%(objectname)%00%(upstream:track)%00%(upstream:remotename)%00%(upstream:remoteref) refs/heads/main refs/remotes/main [3ms]
2023-03-07 11:52:36.416 [info] > git status -z -uall [61ms]
2023-03-07 11:52:41.459 [info] > git config --get commit.template [7ms]
2023-03-07 11:52:41.461 [info] > git for-each-ref --format=%(refname)%00%(upstream:short)%00%(objectname)%00%(upstream:track)%00%(upstream:remotename)%00%(upstream:remoteref) refs/heads/main refs/remotes/main [2ms]
2023-03-07 11:52:41.520 [info] > git status -z -uall [54ms]
2023-03-07 11:52:46.553 [info] > git config --get commit.template [11ms]
2023-03-07 11:52:46.556 [info] > git for-each-ref --format=%(refname)%00%(upstream:short)%00%(objectname)%00%(upstream:track)%00%(upstream:remotename)%00%(upstream:remoteref) refs/heads/main refs/remotes/main [4ms]
2023-03-07 11:52:46.633 [info] > git status -z -uall [69ms]
