2023-03-07 11:45:15.106 [info] Reading sessions from keychain...
2023-03-07 11:45:15.106 [info] Getting sessions for user:email...
2023-03-07 11:45:15.106 [info] Got 0 sessions for user:email...
2023-03-07 11:45:15.120 [info] Getting sessions for all scopes...
2023-03-07 11:45:15.120 [info] Got 0 sessions for ...
2023-03-07 11:45:35.467 [info] Reading sessions from keychain...
2023-03-07 11:45:35.467 [info] Getting sessions for user:email...
2023-03-07 11:45:35.467 [info] Got 0 sessions for user:email...
2023-03-07 11:45:35.537 [info] Getting sessions for all scopes...
2023-03-07 11:45:35.537 [info] Got 0 sessions for ...
2023-03-07 11:47:21.161 [info] Reading sessions from keychain...
2023-03-07 11:47:21.161 [info] Getting sessions for user:email...
2023-03-07 11:47:21.161 [info] Got 0 sessions for user:email...
2023-03-07 11:47:21.161 [info] Getting sessions for all scopes...
2023-03-07 11:47:21.161 [info] Got 0 sessions for ...
2023-03-07 11:47:21.161 [info] Getting sessions for user:email...
2023-03-07 11:47:21.161 [info] Got 0 sessions for user:email...
2023-03-07 11:47:21.161 [info] Getting sessions for all scopes...
2023-03-07 11:47:21.161 [info] Got 0 sessions for ...
2023-03-07 11:50:40.600 [info] Getting sessions for read:user,repo,user:email,workflow...
2023-03-07 11:50:40.600 [info] Got 0 sessions for read:user,repo,user:email,workflow...
2023-03-07 11:50:44.789 [info] Logging in for the following scopes: read:user repo user:email workflow
2023-03-07 11:50:44.804 [info] Trying without local server... (read:user repo user:email workflow)
2023-03-07 11:50:56.855 [info] Exchanging code for token...
2023-03-07 11:51:02.601 [info] Token exchange success!
2023-03-07 11:51:02.603 [info] Getting user info...
2023-03-07 11:51:08.040 [info] Got account info!
2023-03-07 11:51:08.041 [info] Storing 1 sessions...
2023-03-07 11:51:08.114 [info] Reading sessions from keychain...
2023-03-07 11:51:08.115 [info] Stored 1 sessions!
2023-03-07 11:51:08.116 [info] Login success!
2023-03-07 11:51:08.120 [info] Getting sessions for user:email...
2023-03-07 11:51:08.132 [info] Got stored sessions!
2023-03-07 11:51:08.132 [info] Got 1 verified sessions.
2023-03-07 11:51:08.133 [info] Got 0 sessions for user:email...
2023-03-07 11:51:13.881 [info] Getting user info...
2023-03-07 11:51:19.280 [info] Got account info!
