2023-03-02 22:58:04.908 [info] update#setState idle
2023-03-02 22:58:06.876 [info] [UtilityProcess id: 1, type: extensionHost, pid: <none>]: creating new...
2023-03-02 22:58:06.934 [info] [UtilityProcess id: 1, type: extensionHost, pid: 36346]: successfully created
2023-03-02 22:58:34.911 [info] update#setState checking for updates
2023-03-02 22:58:35.162 [info] update#setState idle
2023-03-02 22:59:07.222 [info] [UtilityProcess id: 2, type: extensionHost, pid: <none>]: creating new...
2023-03-02 22:59:07.249 [info] [UtilityProcess id: 2, type: extensionHost, pid: 36514]: successfully created
2023-03-02 22:59:14.263 [info] [UtilityProcess id: 2, type: extensionHost, pid: 36514]: received exit event with code 0
2023-03-02 22:59:14.267 [info] Extension host with pid 36514 exited with code: 0, signal: unknown.
2023-03-03 03:57:17.873 [info] update#setState checking for updates
2023-03-03 03:57:23.841 [error] Error: net::ERR_INTERNET_DISCONNECTED
    at SimpleURLLoaderWrapper.<anonymous> (node:electron/js2c/browser_init:105:7047)
    at SimpleURLLoaderWrapper.emit (node:events:526:28)
2023-03-03 03:57:23.844 [info] update#setState idle
2023-03-03 09:41:21.601 [info] update#setState checking for updates
2023-03-03 09:41:22.126 [info] update#setState idle
2023-03-03 10:41:21.604 [info] update#setState checking for updates
2023-03-03 10:41:21.921 [info] update#setState idle
2023-03-03 11:41:21.607 [info] update#setState checking for updates
2023-03-03 11:41:21.974 [info] update#setState idle
2023-03-03 12:41:21.706 [info] update#setState checking for updates
2023-03-03 12:41:22.122 [info] update#setState idle
2023-03-03 13:41:21.712 [info] update#setState checking for updates
2023-03-03 13:41:22.062 [info] update#setState idle
2023-03-03 14:41:21.788 [info] update#setState checking for updates
2023-03-03 14:41:22.142 [info] update#setState idle
2023-03-03 15:41:21.888 [info] update#setState checking for updates
2023-03-03 15:41:22.317 [info] update#setState idle
2023-03-03 21:16:32.954 [info] update#setState checking for updates
2023-03-03 21:16:39.833 [info] update#setState idle
2023-03-03 22:28:48.607 [info] update#setState checking for updates
2023-03-03 22:28:51.715 [info] update#setState idle
2023-03-03 23:28:48.715 [info] update#setState checking for updates
2023-03-03 23:28:49.298 [info] update#setState idle
2023-03-04 00:36:25.314 [info] update#setState checking for updates
2023-03-04 00:36:27.186 [info] update#setState idle
2023-03-04 03:00:03.618 [info] update#setState checking for updates
2023-03-04 11:21:28.524 [error] Error: net::ERR_TIMED_OUT
    at SimpleURLLoaderWrapper.<anonymous> (node:electron/js2c/browser_init:105:7047)
    at SimpleURLLoaderWrapper.emit (node:events:526:28)
2023-03-04 11:21:28.610 [info] update#setState idle
2023-03-04 21:21:28.416 [info] update#setState checking for updates
2023-03-04 21:21:28.467 [error] Error: net::ERR_NAME_NOT_RESOLVED
    at SimpleURLLoaderWrapper.<anonymous> (node:electron/js2c/browser_init:105:7047)
    at SimpleURLLoaderWrapper.emit (node:events:526:28)
2023-03-04 21:21:28.491 [info] update#setState idle
2023-03-04 22:50:14.207 [info] update#setState checking for updates
2023-03-04 22:50:14.633 [error] Error: net::ERR_NAME_NOT_RESOLVED
    at SimpleURLLoaderWrapper.<anonymous> (node:electron/js2c/browser_init:105:7047)
    at SimpleURLLoaderWrapper.emit (node:events:526:28)
2023-03-04 22:50:14.641 [info] update#setState idle
2023-03-04 23:50:12.065 [info] update#setState checking for updates
2023-03-04 23:50:13.242 [info] update#setState idle
2023-03-05 04:28:08.860 [info] update#setState checking for updates
2023-03-05 04:28:16.136 [info] update#setState idle
2023-03-05 23:20:53.698 [info] update#setState checking for updates
2023-03-05 23:20:54.405 [info] update#setState idle
2023-03-06 00:20:53.798 [info] update#setState checking for updates
2023-03-06 00:20:54.721 [info] update#setState idle
2023-03-06 04:28:46.988 [info] update#setState checking for updates
2023-03-06 04:28:49.163 [info] update#setState idle
2023-03-06 04:29:10.261 [info] [UtilityProcess id: 3, type: extensionHost, pid: <none>]: creating new...
2023-03-06 04:29:10.294 [info] [UtilityProcess id: 3, type: extensionHost, pid: 49687]: successfully created
2023-03-06 09:36:11.304 [info] update#setState checking for updates
2023-03-06 09:36:11.625 [info] update#setState idle
2023-03-06 10:36:11.306 [info] update#setState checking for updates
2023-03-06 10:36:11.634 [info] update#setState idle
2023-03-06 11:36:11.308 [info] update#setState checking for updates
2023-03-06 11:36:11.602 [info] update#setState idle
2023-03-06 12:36:11.397 [info] update#setState checking for updates
2023-03-06 12:36:12.433 [info] update#setState idle
