2023-03-07 11:29:12.082 [info] Extension host with pid 77370 started
2023-03-07 11:29:12.236 [info] ExtensionService#_doActivateExtension vscode.emmet, startup: false, activationEvent: 'onLanguage'
2023-03-07 11:29:12.244 [info] ExtensionService#_doActivateExtension vscode.git-base, startup: true, activationEvent: '*', root cause: vscode.git
2023-03-07 11:29:12.305 [info] ExtensionService#_doActivateExtension vscode.git, startup: true, activationEvent: '*'
2023-03-07 11:29:12.400 [info] ExtensionService#_doActivateExtension vscode.github, startup: true, activationEvent: '*'
2023-03-07 11:29:12.581 [info] Eager extensions activated
2023-03-07 11:29:12.752 [info] ExtensionService#_doActivateExtension vscode.debug-auto-launch, startup: false, activationEvent: 'onStartupFinished'
2023-03-07 11:29:12.754 [info] ExtensionService#_doActivateExtension vscode.merge-conflict, startup: false, activationEvent: 'onStartupFinished'
2023-03-07 11:29:12.762 [info] ExtensionService#_doActivateExtension vscode.github-authentication, startup: false, activationEvent: 'onAuthenticationRequest:github'
2023-03-07 11:29:13.683 [info] ExtensionService#_doActivateExtension vscode.microsoft-authentication, startup: false, activationEvent: 'onAuthenticationRequest:microsoft'
2023-03-07 11:29:46.432 [info] Extension host terminating: renderer closed the MessagePort
2023-03-07 11:29:46.438 [info] Extension host with pid 77370 exiting with code 0
2023-03-07 11:29:48.184 [info] Extension host with pid 77548 started
2023-03-07 11:29:48.184 [info] Skipping acquiring lock for /home/agneta/.config/Code/User/workspaceStorage/135cb55ceeedcebed3952234218dc709.
2023-03-07 11:29:48.320 [info] ExtensionService#_doActivateExtension vscode.emmet, startup: false, activationEvent: 'onLanguage'
2023-03-07 11:29:48.329 [info] ExtensionService#_doActivateExtension vscode.git-base, startup: true, activationEvent: '*'
2023-03-07 11:29:48.337 [info] ExtensionService#_doActivateExtension vscode.github-authentication, startup: false, activationEvent: 'onAuthenticationRequest:github'
2023-03-07 11:29:48.433 [info] ExtensionService#_doActivateExtension vscode.github, startup: true, activationEvent: '*'
2023-03-07 11:29:48.453 [info] Eager extensions activated
2023-03-07 11:29:48.471 [info] ExtensionService#_doActivateExtension vscode.debug-auto-launch, startup: false, activationEvent: 'onStartupFinished'
2023-03-07 11:29:48.475 [info] ExtensionService#_doActivateExtension vscode.merge-conflict, startup: false, activationEvent: 'onStartupFinished'
2023-03-07 11:29:48.509 [info] ExtensionService#_doActivateExtension vscode.microsoft-authentication, startup: false, activationEvent: 'onAuthenticationRequest:microsoft'
2023-03-07 11:29:55.630 [info] ExtensionService#_doActivateExtension vscode.git, startup: false, activationEvent: 'api', root cause: vscode.github
2023-03-07 11:29:56.004 [warning] [Decorations] CAPPING events from decorations provider vscode.git 472
2023-03-07 11:29:56.380 [warning] [Decorations] CAPPING events from decorations provider vscode.git 472
2023-03-07 11:29:58.685 [info] ExtensionService#_doActivateExtension vscode.html-language-features, startup: false, activationEvent: 'onLanguage:html'
2023-03-07 11:30:00.622 [warning] [Decorations] CAPPING events from decorations provider vscode.git 473
2023-03-07 11:30:05.791 [warning] [Decorations] CAPPING events from decorations provider vscode.git 473
2023-03-07 11:30:10.959 [warning] [Decorations] CAPPING events from decorations provider vscode.git 473
2023-03-07 11:30:16.147 [warning] [Decorations] CAPPING events from decorations provider vscode.git 474
2023-03-07 11:30:21.322 [warning] [Decorations] CAPPING events from decorations provider vscode.git 474
2023-03-07 11:30:23.065 [info] ExtensionService#_doActivateExtension vscode.typescript-language-features, startup: false, activationEvent: 'onLanguage:javascript'
2023-03-07 11:30:24.734 [info] ExtensionService#_doActivateExtension vscode.css-language-features, startup: false, activationEvent: 'onLanguage:css'
2023-03-07 11:30:26.511 [warning] [Decorations] CAPPING events from decorations provider vscode.git 475
2023-03-07 11:30:31.688 [warning] [Decorations] CAPPING events from decorations provider vscode.git 475
2023-03-07 11:30:36.866 [warning] [Decorations] CAPPING events from decorations provider vscode.git 475
2023-03-07 11:30:42.049 [warning] [Decorations] CAPPING events from decorations provider vscode.git 475
2023-03-07 11:30:47.228 [warning] [Decorations] CAPPING events from decorations provider vscode.git 477
2023-03-07 11:30:52.401 [warning] [Decorations] CAPPING events from decorations provider vscode.git 477
2023-03-07 11:30:57.577 [warning] [Decorations] CAPPING events from decorations provider vscode.git 475
2023-03-07 11:31:02.747 [warning] [Decorations] CAPPING events from decorations provider vscode.git 475
2023-03-07 11:31:07.953 [warning] [Decorations] CAPPING events from decorations provider vscode.git 475
2023-03-07 11:31:13.126 [warning] [Decorations] CAPPING events from decorations provider vscode.git 475
2023-03-07 11:31:18.300 [warning] [Decorations] CAPPING events from decorations provider vscode.git 475
2023-03-07 11:31:23.541 [warning] [Decorations] CAPPING events from decorations provider vscode.git 475
2023-03-07 11:31:28.723 [warning] [Decorations] CAPPING events from decorations provider vscode.git 475
2023-03-07 11:31:33.912 [warning] [Decorations] CAPPING events from decorations provider vscode.git 475
2023-03-07 11:31:39.096 [warning] [Decorations] CAPPING events from decorations provider vscode.git 475
2023-03-07 11:31:44.266 [warning] [Decorations] CAPPING events from decorations provider vscode.git 475
2023-03-07 11:31:49.443 [warning] [Decorations] CAPPING events from decorations provider vscode.git 475
2023-03-07 11:31:54.619 [warning] [Decorations] CAPPING events from decorations provider vscode.git 475
2023-03-07 11:31:59.791 [warning] [Decorations] CAPPING events from decorations provider vscode.git 475
2023-03-07 11:32:04.960 [warning] [Decorations] CAPPING events from decorations provider vscode.git 475
2023-03-07 11:32:10.164 [warning] [Decorations] CAPPING events from decorations provider vscode.git 475
2023-03-07 11:33:55.070 [warning] [Decorations] CAPPING events from decorations provider vscode.git 475
2023-03-07 11:33:55.375 [warning] [Decorations] CAPPING events from decorations provider vscode.git 475
2023-03-07 11:34:00.548 [warning] [Decorations] CAPPING events from decorations provider vscode.git 475
2023-03-07 11:34:05.724 [warning] [Decorations] CAPPING events from decorations provider vscode.git 475
2023-03-07 11:34:10.903 [warning] [Decorations] CAPPING events from decorations provider vscode.git 476
2023-03-07 11:34:16.071 [warning] [Decorations] CAPPING events from decorations provider vscode.git 476
2023-03-07 11:34:21.243 [warning] [Decorations] CAPPING events from decorations provider vscode.git 476
2023-03-07 11:34:38.991 [warning] [Decorations] CAPPING events from decorations provider vscode.git 476
2023-03-07 11:34:44.168 [warning] [Decorations] CAPPING events from decorations provider vscode.git 476
2023-03-07 11:34:49.340 [warning] [Decorations] CAPPING events from decorations provider vscode.git 476
2023-03-07 11:34:54.507 [warning] [Decorations] CAPPING events from decorations provider vscode.git 476
2023-03-07 11:34:59.683 [warning] [Decorations] CAPPING events from decorations provider vscode.git 476
2023-03-07 11:35:04.849 [warning] [Decorations] CAPPING events from decorations provider vscode.git 476
2023-03-07 11:35:10.033 [warning] [Decorations] CAPPING events from decorations provider vscode.git 476
2023-03-07 11:35:15.209 [warning] [Decorations] CAPPING events from decorations provider vscode.git 476
2023-03-07 11:35:20.386 [warning] [Decorations] CAPPING events from decorations provider vscode.git 476
2023-03-07 11:35:25.563 [warning] [Decorations] CAPPING events from decorations provider vscode.git 476
2023-03-07 11:35:30.737 [warning] [Decorations] CAPPING events from decorations provider vscode.git 476
2023-03-07 11:35:35.910 [warning] [Decorations] CAPPING events from decorations provider vscode.git 476
2023-03-07 11:35:41.086 [warning] [Decorations] CAPPING events from decorations provider vscode.git 476
2023-03-07 11:35:46.268 [warning] [Decorations] CAPPING events from decorations provider vscode.git 476
2023-03-07 11:35:51.448 [warning] [Decorations] CAPPING events from decorations provider vscode.git 476
2023-03-07 11:35:56.655 [warning] [Decorations] CAPPING events from decorations provider vscode.git 476
2023-03-07 11:36:01.826 [warning] [Decorations] CAPPING events from decorations provider vscode.git 476
2023-03-07 11:36:06.999 [warning] [Decorations] CAPPING events from decorations provider vscode.git 476
2023-03-07 11:36:12.175 [warning] [Decorations] CAPPING events from decorations provider vscode.git 476
2023-03-07 11:36:17.355 [warning] [Decorations] CAPPING events from decorations provider vscode.git 476
2023-03-07 11:36:22.521 [warning] [Decorations] CAPPING events from decorations provider vscode.git 476
2023-03-07 11:36:27.692 [warning] [Decorations] CAPPING events from decorations provider vscode.git 476
2023-03-07 11:36:32.865 [warning] [Decorations] CAPPING events from decorations provider vscode.git 476
2023-03-07 11:36:38.042 [warning] [Decorations] CAPPING events from decorations provider vscode.git 476
2023-03-07 11:36:43.210 [warning] [Decorations] CAPPING events from decorations provider vscode.git 476
2023-03-07 11:36:48.378 [warning] [Decorations] CAPPING events from decorations provider vscode.git 476
2023-03-07 11:36:53.558 [warning] [Decorations] CAPPING events from decorations provider vscode.git 476
2023-03-07 11:36:58.738 [warning] [Decorations] CAPPING events from decorations provider vscode.git 476
2023-03-07 11:37:03.912 [warning] [Decorations] CAPPING events from decorations provider vscode.git 476
2023-03-07 11:37:09.084 [warning] [Decorations] CAPPING events from decorations provider vscode.git 476
2023-03-07 11:37:14.260 [warning] [Decorations] CAPPING events from decorations provider vscode.git 476
2023-03-07 11:37:19.433 [warning] [Decorations] CAPPING events from decorations provider vscode.git 476
2023-03-07 11:37:24.608 [warning] [Decorations] CAPPING events from decorations provider vscode.git 476
2023-03-07 11:37:29.784 [warning] [Decorations] CAPPING events from decorations provider vscode.git 476
2023-03-07 11:37:34.968 [warning] [Decorations] CAPPING events from decorations provider vscode.git 476
2023-03-07 11:37:40.148 [warning] [Decorations] CAPPING events from decorations provider vscode.git 476
2023-03-07 11:37:45.314 [warning] [Decorations] CAPPING events from decorations provider vscode.git 476
2023-03-07 11:37:50.485 [warning] [Decorations] CAPPING events from decorations provider vscode.git 476
2023-03-07 11:37:55.652 [warning] [Decorations] CAPPING events from decorations provider vscode.git 476
2023-03-07 11:38:00.818 [warning] [Decorations] CAPPING events from decorations provider vscode.git 476
2023-03-07 11:38:05.983 [warning] [Decorations] CAPPING events from decorations provider vscode.git 476
2023-03-07 11:38:11.162 [warning] [Decorations] CAPPING events from decorations provider vscode.git 476
2023-03-07 11:38:16.324 [warning] [Decorations] CAPPING events from decorations provider vscode.git 476
2023-03-07 11:38:21.506 [warning] [Decorations] CAPPING events from decorations provider vscode.git 476
2023-03-07 11:38:26.674 [warning] [Decorations] CAPPING events from decorations provider vscode.git 476
2023-03-07 11:38:31.837 [warning] [Decorations] CAPPING events from decorations provider vscode.git 476
2023-03-07 11:38:37.004 [warning] [Decorations] CAPPING events from decorations provider vscode.git 476
2023-03-07 11:38:42.182 [warning] [Decorations] CAPPING events from decorations provider vscode.git 476
2023-03-07 11:38:47.346 [warning] [Decorations] CAPPING events from decorations provider vscode.git 476
2023-03-07 11:38:52.511 [warning] [Decorations] CAPPING events from decorations provider vscode.git 476
2023-03-07 11:38:57.750 [warning] [Decorations] CAPPING events from decorations provider vscode.git 476
2023-03-07 11:39:02.915 [warning] [Decorations] CAPPING events from decorations provider vscode.git 476
2023-03-07 11:39:08.081 [warning] [Decorations] CAPPING events from decorations provider vscode.git 476
2023-03-07 11:39:13.243 [warning] [Decorations] CAPPING events from decorations provider vscode.git 476
2023-03-07 11:39:18.409 [warning] [Decorations] CAPPING events from decorations provider vscode.git 476
2023-03-07 11:39:23.568 [warning] [Decorations] CAPPING events from decorations provider vscode.git 476
2023-03-07 11:39:28.737 [warning] [Decorations] CAPPING events from decorations provider vscode.git 476
2023-03-07 11:39:33.906 [warning] [Decorations] CAPPING events from decorations provider vscode.git 476
2023-03-07 11:39:39.071 [warning] [Decorations] CAPPING events from decorations provider vscode.git 476
2023-03-07 11:39:44.234 [warning] [Decorations] CAPPING events from decorations provider vscode.git 476
2023-03-07 11:39:49.410 [warning] [Decorations] CAPPING events from decorations provider vscode.git 476
2023-03-07 11:39:54.587 [warning] [Decorations] CAPPING events from decorations provider vscode.git 476
2023-03-07 11:39:55.642 [info] Extension host terminating: renderer closed the MessagePort
2023-03-07 11:39:55.680 [error] Canceled: Canceled
	at new a (/usr/share/code/resources/app/out/vs/workbench/api/node/extensionHostProcess.js:96:88793)
	at c.O (/usr/share/code/resources/app/out/vs/workbench/api/node/extensionHostProcess.js:106:11260)
	at V.<computed>.Q.charCodeAt.V.<computed> (/usr/share/code/resources/app/out/vs/workbench/api/node/extensionHostProcess.js:106:8550)
	at l.g (/usr/share/code/resources/app/out/vs/workbench/api/node/extensionHostProcess.js:96:108198)
	at l.executeCommand (/usr/share/code/resources/app/out/vs/workbench/api/node/extensionHostProcess.js:96:107574)
	at O.registerCommand.description (/usr/share/code/resources/app/out/vs/workbench/api/node/extensionHostProcess.js:96:106867)
	at l.h (/usr/share/code/resources/app/out/vs/workbench/api/node/extensionHostProcess.js:96:108784)
	at l.g (/usr/share/code/resources/app/out/vs/workbench/api/node/extensionHostProcess.js:96:107674)
	at l.executeCommand (/usr/share/code/resources/app/out/vs/workbench/api/node/extensionHostProcess.js:96:107574)
	at Object.executeCommand (/usr/share/code/resources/app/out/vs/workbench/api/node/extensionHostProcess.js:117:30781)
	at D (/usr/share/code/resources/app/extensions/git/dist/main.js:2:1467127)
	at f.invoke (/usr/share/code/resources/app/out/vs/workbench/api/node/extensionHostProcess.js:63:145)
	at g.deliver (/usr/share/code/resources/app/out/vs/workbench/api/node/extensionHostProcess.js:63:2066)
	at h.fire (/usr/share/code/resources/app/out/vs/workbench/api/node/extensionHostProcess.js:63:1704)
	at Object.m [as dispose] (/usr/share/code/resources/app/extensions/git/dist/main.js:2:1481856)
	at /usr/share/code/resources/app/extensions/git/dist/main.js:2:1485923
	at Array.forEach (<anonymous>)
	at g.dispose (/usr/share/code/resources/app/extensions/git/dist/main.js:2:1485909)
	at C.<anonymous> (/usr/share/code/resources/app/out/vs/workbench/api/node/extensionHostProcess.js:94:12431)
	at C.dispose (/usr/share/code/resources/app/out/vs/workbench/api/node/extensionHostProcess.js:94:12566)
	at C.<anonymous> (/usr/share/code/resources/app/extensions/git/dist/main.js:2:1469257)
	at C.dispose (/usr/share/code/resources/app/out/vs/workbench/api/node/extensionHostProcess.js:94:12566)
	at k (/usr/share/code/resources/app/out/vs/workbench/api/node/extensionHostProcess.js:10:12074)
	at f.X (/usr/share/code/resources/app/out/vs/workbench/api/node/extensionHostProcess.js:108:11284)
	at /usr/share/code/resources/app/out/vs/workbench/api/node/extensionHostProcess.js:108:9088
	at Array.map (<anonymous>)
	at f.Q (/usr/share/code/resources/app/out/vs/workbench/api/node/extensionHostProcess.js:108:9075)
	at f.terminate (/usr/share/code/resources/app/out/vs/workbench/api/node/extensionHostProcess.js:108:9347)
	at u.terminate (/usr/share/code/resources/app/out/vs/workbench/api/node/extensionHostProcess.js:112:1397)
	at p (/usr/share/code/resources/app/out/vs/workbench/api/node/extensionHostProcess.js:122:18592)
	at MessagePortMain.<anonymous> (/usr/share/code/resources/app/out/vs/workbench/api/node/extensionHostProcess.js:122:14731)
	at MessagePortMain.emit (node:events:526:28)
	at MessagePortMain._internalPort.emit (node:electron/js2c/utility_init:5:364) setContext undefined
2023-03-07 11:39:55.727 [info] Extension host with pid 77548 exiting with code 0
