2023-03-07 11:29:12.940 [info] Log level: Info
2023-03-07 11:29:12.940 [info] Validating found git in: "git"
2023-03-07 11:29:12.940 [info] Using git "2.39.2" from "git"
2023-03-07 11:29:55.735 [info] Log level: Info
2023-03-07 11:29:55.735 [info] Validating found git in: "git"
2023-03-07 11:29:55.735 [info] Using git "2.39.2" from "git"
2023-03-07 11:29:55.741 [info] > git rev-parse --show-toplevel [20ms]
2023-03-07 11:29:55.757 [info] > git rev-parse --git-dir --git-common-dir [10ms]
2023-03-07 11:29:55.772 [info] Open repository: /home/agneta
2023-03-07 11:29:55.800 [info] > git rev-parse --show-toplevel [16ms]
2023-03-07 11:29:55.809 [info] > git config --get commit.template [10ms]
2023-03-07 11:29:55.811 [info] > git for-each-ref --format=%(refname)%00%(upstream:short)%00%(objectname)%00%(upstream:track)%00%(upstream:remotename)%00%(upstream:remoteref) refs/heads/main refs/remotes/main [4ms]
2023-03-07 11:29:55.969 [info] > git status -z -uall [152ms]
2023-03-07 11:29:56.204 [info] > git for-each-ref --format=%(refname)%00%(upstream:short)%00%(objectname)%00%(upstream:track)%00%(upstream:remotename)%00%(upstream:remoteref) refs/heads/main refs/remotes/main [126ms]
2023-03-07 11:29:56.204 [info] > git config --get commit.template [168ms]
2023-03-07 11:29:56.314 [info] > git check-ignore -v -z --stdin [3ms]
2023-03-07 11:29:56.365 [info] > git status -z -uall [154ms]
2023-03-07 11:29:59.253 [info] > git show --textconv :Desktop/coding/etch-a-sketch/index.html [23ms]
2023-03-07 11:29:59.258 [info] > git ls-files --stage -- /home/agneta/Desktop/coding/etch-a-sketch/index.html [8ms]
2023-03-07 11:29:59.279 [info] > git cat-file -s 1ebbce3d1c733b71479008f79e873eb37a8c60bc [2ms]
2023-03-07 11:30:00.481 [info] > git config --get commit.template [8ms]
2023-03-07 11:30:00.483 [info] > git for-each-ref --format=%(refname)%00%(upstream:short)%00%(objectname)%00%(upstream:track)%00%(upstream:remotename)%00%(upstream:remoteref) refs/heads/main refs/remotes/main [2ms]
2023-03-07 11:30:00.612 [info] > git status -z -uall [124ms]
2023-03-07 11:30:05.642 [info] > git config --get commit.template [2ms]
2023-03-07 11:30:05.649 [info] > git for-each-ref --format=%(refname)%00%(upstream:short)%00%(objectname)%00%(upstream:track)%00%(upstream:remotename)%00%(upstream:remoteref) refs/heads/main refs/remotes/main [2ms]
2023-03-07 11:30:05.778 [info] > git status -z -uall [124ms]
2023-03-07 11:30:10.803 [info] > git config --get commit.template [2ms]
2023-03-07 11:30:10.810 [info] > git for-each-ref --format=%(refname)%00%(upstream:short)%00%(objectname)%00%(upstream:track)%00%(upstream:remotename)%00%(upstream:remoteref) refs/heads/main refs/remotes/main [2ms]
2023-03-07 11:30:10.947 [info] > git status -z -uall [132ms]
2023-03-07 11:30:15.973 [info] > git config --get commit.template [1ms]
2023-03-07 11:30:15.980 [info] > git for-each-ref --format=%(refname)%00%(upstream:short)%00%(objectname)%00%(upstream:track)%00%(upstream:remotename)%00%(upstream:remoteref) refs/heads/main refs/remotes/main [2ms]
2023-03-07 11:30:16.123 [info] > git status -z -uall [138ms]
2023-03-07 11:30:21.168 [info] > git config --get commit.template [7ms]
2023-03-07 11:30:21.170 [info] > git for-each-ref --format=%(refname)%00%(upstream:short)%00%(objectname)%00%(upstream:track)%00%(upstream:remotename)%00%(upstream:remoteref) refs/heads/main refs/remotes/main [2ms]
2023-03-07 11:30:21.313 [info] > git status -z -uall [137ms]
2023-03-07 11:30:23.472 [info] > git show --textconv :Desktop/coding/etch-a-sketch/js.js [18ms]
2023-03-07 11:30:23.481 [info] > git ls-files --stage -- /home/agneta/Desktop/coding/etch-a-sketch/js.js [10ms]
2023-03-07 11:30:23.569 [info] > git cat-file -s 9ceedde0e3d423a5c6e7f84d6114e7f9f9f25740 [15ms]
2023-03-07 11:30:24.990 [info] > git show --textconv :Desktop/coding/etch-a-sketch/styles.css [31ms]
2023-03-07 11:30:25.007 [info] > git ls-files --stage -- /home/agneta/Desktop/coding/etch-a-sketch/styles.css [18ms]
2023-03-07 11:30:25.033 [info] > git cat-file -s 6c9d2955b84f456864d0c6614e54eeffa8cf6a61 [11ms]
2023-03-07 11:30:26.253 [info] > git show --textconv :Desktop/coding/etch-a-sketch/js.js [10ms]
2023-03-07 11:30:26.257 [info] > git ls-files --stage -- /home/agneta/Desktop/coding/etch-a-sketch/js.js [5ms]
2023-03-07 11:30:26.266 [info] > git cat-file -s 9ceedde0e3d423a5c6e7f84d6114e7f9f9f25740 [2ms]
2023-03-07 11:30:26.342 [info] > git config --get commit.template [8ms]
2023-03-07 11:30:26.345 [info] > git for-each-ref --format=%(refname)%00%(upstream:short)%00%(objectname)%00%(upstream:track)%00%(upstream:remotename)%00%(upstream:remoteref) refs/heads/main refs/remotes/main [4ms]
2023-03-07 11:30:26.502 [info] > git status -z -uall [152ms]
2023-03-07 11:30:31.532 [info] > git config --get commit.template [7ms]
2023-03-07 11:30:31.532 [info] > git for-each-ref --format=%(refname)%00%(upstream:short)%00%(objectname)%00%(upstream:track)%00%(upstream:remotename)%00%(upstream:remoteref) refs/heads/main refs/remotes/main [2ms]
2023-03-07 11:30:31.676 [info] > git status -z -uall [138ms]
2023-03-07 11:30:36.705 [info] > git config --get commit.template [2ms]
2023-03-07 11:30:36.713 [info] > git for-each-ref --format=%(refname)%00%(upstream:short)%00%(objectname)%00%(upstream:track)%00%(upstream:remotename)%00%(upstream:remoteref) refs/heads/main refs/remotes/main [2ms]
2023-03-07 11:30:36.859 [info] > git status -z -uall [140ms]
2023-03-07 11:30:41.890 [info] > git config --get commit.template [7ms]
2023-03-07 11:30:41.891 [info] > git for-each-ref --format=%(refname)%00%(upstream:short)%00%(objectname)%00%(upstream:track)%00%(upstream:remotename)%00%(upstream:remoteref) refs/heads/main refs/remotes/main [2ms]
2023-03-07 11:30:42.043 [info] > git status -z -uall [146ms]
2023-03-07 11:30:47.066 [info] > git config --get commit.template [7ms]
2023-03-07 11:30:47.068 [info] > git for-each-ref --format=%(refname)%00%(upstream:short)%00%(objectname)%00%(upstream:track)%00%(upstream:remotename)%00%(upstream:remoteref) refs/heads/main refs/remotes/main [2ms]
2023-03-07 11:30:47.217 [info] > git status -z -uall [144ms]
2023-03-07 11:30:52.244 [info] > git config --get commit.template [7ms]
2023-03-07 11:30:52.246 [info] > git for-each-ref --format=%(refname)%00%(upstream:short)%00%(objectname)%00%(upstream:track)%00%(upstream:remotename)%00%(upstream:remoteref) refs/heads/main refs/remotes/main [2ms]
2023-03-07 11:30:52.393 [info] > git status -z -uall [141ms]
2023-03-07 11:30:57.414 [info] > git config --get commit.template [1ms]
2023-03-07 11:30:57.423 [info] > git for-each-ref --format=%(refname)%00%(upstream:short)%00%(objectname)%00%(upstream:track)%00%(upstream:remotename)%00%(upstream:remoteref) refs/heads/main refs/remotes/main [2ms]
2023-03-07 11:30:57.567 [info] > git status -z -uall [139ms]
2023-03-07 11:31:02.590 [info] > git config --get commit.template [2ms]
2023-03-07 11:31:02.598 [info] > git for-each-ref --format=%(refname)%00%(upstream:short)%00%(objectname)%00%(upstream:track)%00%(upstream:remotename)%00%(upstream:remoteref) refs/heads/main refs/remotes/main [2ms]
2023-03-07 11:31:02.738 [info] > git status -z -uall [135ms]
2023-03-07 11:31:07.770 [info] > git config --get commit.template [11ms]
2023-03-07 11:31:07.773 [info] > git for-each-ref --format=%(refname)%00%(upstream:short)%00%(objectname)%00%(upstream:track)%00%(upstream:remotename)%00%(upstream:remoteref) refs/heads/main refs/remotes/main [4ms]
2023-03-07 11:31:07.944 [info] > git status -z -uall [164ms]
2023-03-07 11:31:12.972 [info] > git config --get commit.template [6ms]
2023-03-07 11:31:12.973 [info] > git for-each-ref --format=%(refname)%00%(upstream:short)%00%(objectname)%00%(upstream:track)%00%(upstream:remotename)%00%(upstream:remoteref) refs/heads/main refs/remotes/main [2ms]
2023-03-07 11:31:13.117 [info] > git status -z -uall [139ms]
2023-03-07 11:31:18.145 [info] > git config --get commit.template [6ms]
2023-03-07 11:31:18.147 [info] > git for-each-ref --format=%(refname)%00%(upstream:short)%00%(objectname)%00%(upstream:track)%00%(upstream:remotename)%00%(upstream:remoteref) refs/heads/main refs/remotes/main [2ms]
2023-03-07 11:31:18.293 [info] > git status -z -uall [141ms]
2023-03-07 11:31:23.317 [info] > git config --get commit.template [6ms]
2023-03-07 11:31:23.319 [info] > git for-each-ref --format=%(refname)%00%(upstream:short)%00%(objectname)%00%(upstream:track)%00%(upstream:remotename)%00%(upstream:remoteref) refs/heads/main refs/remotes/main [2ms]
2023-03-07 11:31:23.528 [info] > git status -z -uall [204ms]
2023-03-07 11:31:28.561 [info] > git config --get commit.template [7ms]
2023-03-07 11:31:28.563 [info] > git for-each-ref --format=%(refname)%00%(upstream:short)%00%(objectname)%00%(upstream:track)%00%(upstream:remotename)%00%(upstream:remoteref) refs/heads/main refs/remotes/main [3ms]
2023-03-07 11:31:28.711 [info] > git status -z -uall [143ms]
2023-03-07 11:31:33.751 [info] > git config --get commit.template [2ms]
2023-03-07 11:31:33.758 [info] > git for-each-ref --format=%(refname)%00%(upstream:short)%00%(objectname)%00%(upstream:track)%00%(upstream:remotename)%00%(upstream:remoteref) refs/heads/main refs/remotes/main [2ms]
2023-03-07 11:31:33.904 [info] > git status -z -uall [140ms]
2023-03-07 11:31:38.943 [info] > git config --get commit.template [7ms]
2023-03-07 11:31:38.945 [info] > git for-each-ref --format=%(refname)%00%(upstream:short)%00%(objectname)%00%(upstream:track)%00%(upstream:remotename)%00%(upstream:remoteref) refs/heads/main refs/remotes/main [3ms]
2023-03-07 11:31:39.089 [info] > git status -z -uall [139ms]
2023-03-07 11:31:44.113 [info] > git config --get commit.template [7ms]
2023-03-07 11:31:44.115 [info] > git for-each-ref --format=%(refname)%00%(upstream:short)%00%(objectname)%00%(upstream:track)%00%(upstream:remotename)%00%(upstream:remoteref) refs/heads/main refs/remotes/main [3ms]
2023-03-07 11:31:44.259 [info] > git status -z -uall [140ms]
2023-03-07 11:31:49.278 [info] > git config --get commit.template [1ms]
2023-03-07 11:31:49.286 [info] > git for-each-ref --format=%(refname)%00%(upstream:short)%00%(objectname)%00%(upstream:track)%00%(upstream:remotename)%00%(upstream:remoteref) refs/heads/main refs/remotes/main [2ms]
2023-03-07 11:31:49.433 [info] > git status -z -uall [142ms]
2023-03-07 11:31:54.463 [info] > git config --get commit.template [7ms]
2023-03-07 11:31:54.465 [info] > git for-each-ref --format=%(refname)%00%(upstream:short)%00%(objectname)%00%(upstream:track)%00%(upstream:remotename)%00%(upstream:remoteref) refs/heads/main refs/remotes/main [2ms]
2023-03-07 11:31:54.611 [info] > git status -z -uall [140ms]
2023-03-07 11:31:59.635 [info] > git config --get commit.template [6ms]
2023-03-07 11:31:59.637 [info] > git for-each-ref --format=%(refname)%00%(upstream:short)%00%(objectname)%00%(upstream:track)%00%(upstream:remotename)%00%(upstream:remoteref) refs/heads/main refs/remotes/main [2ms]
2023-03-07 11:31:59.783 [info] > git status -z -uall [141ms]
2023-03-07 11:32:04.803 [info] > git config --get commit.template [1ms]
2023-03-07 11:32:04.811 [info] > git for-each-ref --format=%(refname)%00%(upstream:short)%00%(objectname)%00%(upstream:track)%00%(upstream:remotename)%00%(upstream:remoteref) refs/heads/main refs/remotes/main [2ms]
2023-03-07 11:32:04.953 [info] > git status -z -uall [138ms]
2023-03-07 11:32:08.804 [info] > git check-ignore -v -z --stdin [7ms]
2023-03-07 11:32:09.979 [info] > git config --get commit.template [8ms]
2023-03-07 11:32:09.984 [info] > git for-each-ref --format=%(refname)%00%(upstream:short)%00%(objectname)%00%(upstream:track)%00%(upstream:remotename)%00%(upstream:remoteref) refs/heads/main refs/remotes/main [6ms]
2023-03-07 11:32:10.154 [info] > git status -z -uall [166ms]
2023-03-07 11:32:13.757 [info] > git show --textconv :.git/COMMIT_EDITMSG [12ms]
2023-03-07 11:32:13.763 [info] > git ls-files --stage -- /home/agneta/.git/COMMIT_EDITMSG [10ms]
2023-03-07 11:32:13.989 [info] > git check-ignore -v -z --stdin [5ms]
2023-03-07 11:32:14.508 [info] > git ls-files --stage -- /home/agneta/Desktop/coding/etch-a-sketch/js.js [10ms]
2023-03-07 11:32:14.515 [info] > git ls-files --stage -- /home/agneta/.git/COMMIT_EDITMSG [8ms]
2023-03-07 11:32:14.518 [info] > git cat-file -s 9ceedde0e3d423a5c6e7f84d6114e7f9f9f25740 [4ms]
2023-03-07 11:32:14.539 [info] > git show --textconv :.git/COMMIT_EDITMSG [13ms]
2023-03-07 11:32:14.549 [info] > git show --textconv :Desktop/coding/etch-a-sketch/js.js [11ms]
2023-03-07 11:33:54.814 [info] > git -c user.useConfigOnly=true commit --quiet [101808ms]
2023-03-07 11:33:54.815 [info] Aborting commit due to empty commit message.
2023-03-07 11:33:54.835 [info] > git config --get commit.template [12ms]
2023-03-07 11:33:54.847 [info] > git for-each-ref --format=%(refname)%00%(upstream:short)%00%(objectname)%00%(upstream:track)%00%(upstream:remotename)%00%(upstream:remoteref) refs/heads/main refs/remotes/main [14ms]
2023-03-07 11:33:55.051 [info] > git status -z -uall [196ms]
2023-03-07 11:33:55.099 [info] > git config --get commit.template [13ms]
2023-03-07 11:33:55.107 [info] > git for-each-ref --format=%(refname)%00%(upstream:short)%00%(objectname)%00%(upstream:track)%00%(upstream:remotename)%00%(upstream:remoteref) refs/heads/main refs/remotes/main [9ms]
2023-03-07 11:33:55.369 [info] > git status -z -uall [249ms]
2023-03-07 11:34:00.395 [info] > git config --get commit.template [8ms]
2023-03-07 11:34:00.398 [info] > git for-each-ref --format=%(refname)%00%(upstream:short)%00%(objectname)%00%(upstream:track)%00%(upstream:remotename)%00%(upstream:remoteref) refs/heads/main refs/remotes/main [4ms]
2023-03-07 11:34:00.538 [info] > git status -z -uall [135ms]
2023-03-07 11:34:05.568 [info] > git config --get commit.template [7ms]
2023-03-07 11:34:05.570 [info] > git for-each-ref --format=%(refname)%00%(upstream:short)%00%(objectname)%00%(upstream:track)%00%(upstream:remotename)%00%(upstream:remoteref) refs/heads/main refs/remotes/main [3ms]
2023-03-07 11:34:05.710 [info] > git status -z -uall [136ms]
2023-03-07 11:34:10.744 [info] > git config --get commit.template [7ms]
2023-03-07 11:34:10.747 [info] > git for-each-ref --format=%(refname)%00%(upstream:short)%00%(objectname)%00%(upstream:track)%00%(upstream:remotename)%00%(upstream:remoteref) refs/heads/main refs/remotes/main [3ms]
2023-03-07 11:34:10.892 [info] > git status -z -uall [139ms]
2023-03-07 11:34:15.925 [info] > git config --get commit.template [6ms]
2023-03-07 11:34:15.927 [info] > git for-each-ref --format=%(refname)%00%(upstream:short)%00%(objectname)%00%(upstream:track)%00%(upstream:remotename)%00%(upstream:remoteref) refs/heads/main refs/remotes/main [2ms]
2023-03-07 11:34:16.064 [info] > git status -z -uall [132ms]
2023-03-07 11:34:21.092 [info] > git config --get commit.template [7ms]
2023-03-07 11:34:21.093 [info] > git for-each-ref --format=%(refname)%00%(upstream:short)%00%(objectname)%00%(upstream:track)%00%(upstream:remotename)%00%(upstream:remoteref) refs/heads/main refs/remotes/main [2ms]
2023-03-07 11:34:21.236 [info] > git status -z -uall [137ms]
2023-03-07 11:34:38.827 [info] > git config --get commit.template [2ms]
2023-03-07 11:34:38.840 [info] > git for-each-ref --format=%(refname)%00%(upstream:short)%00%(objectname)%00%(upstream:track)%00%(upstream:remotename)%00%(upstream:remoteref) refs/heads/main refs/remotes/main [2ms]
2023-03-07 11:34:38.983 [info] > git status -z -uall [137ms]
2023-03-07 11:34:44.013 [info] > git config --get commit.template [7ms]
2023-03-07 11:34:44.015 [info] > git for-each-ref --format=%(refname)%00%(upstream:short)%00%(objectname)%00%(upstream:track)%00%(upstream:remotename)%00%(upstream:remoteref) refs/heads/main refs/remotes/main [2ms]
2023-03-07 11:34:44.159 [info] > git status -z -uall [136ms]
2023-03-07 11:34:49.189 [info] > git config --get commit.template [8ms]
2023-03-07 11:34:49.191 [info] > git for-each-ref --format=%(refname)%00%(upstream:short)%00%(objectname)%00%(upstream:track)%00%(upstream:remotename)%00%(upstream:remoteref) refs/heads/main refs/remotes/main [3ms]
2023-03-07 11:34:49.333 [info] > git status -z -uall [135ms]
2023-03-07 11:34:54.357 [info] > git config --get commit.template [5ms]
2023-03-07 11:34:54.358 [info] > git for-each-ref --format=%(refname)%00%(upstream:short)%00%(objectname)%00%(upstream:track)%00%(upstream:remotename)%00%(upstream:remoteref) refs/heads/main refs/remotes/main [2ms]
2023-03-07 11:34:54.496 [info] > git status -z -uall [133ms]
2023-03-07 11:34:59.532 [info] > git config --get commit.template [8ms]
2023-03-07 11:34:59.533 [info] > git for-each-ref --format=%(refname)%00%(upstream:short)%00%(objectname)%00%(upstream:track)%00%(upstream:remotename)%00%(upstream:remoteref) refs/heads/main refs/remotes/main [2ms]
2023-03-07 11:34:59.676 [info] > git status -z -uall [138ms]
2023-03-07 11:35:04.703 [info] > git config --get commit.template [7ms]
2023-03-07 11:35:04.705 [info] > git for-each-ref --format=%(refname)%00%(upstream:short)%00%(objectname)%00%(upstream:track)%00%(upstream:remotename)%00%(upstream:remoteref) refs/heads/main refs/remotes/main [3ms]
2023-03-07 11:35:04.841 [info] > git status -z -uall [130ms]
2023-03-07 11:35:09.872 [info] > git config --get commit.template [8ms]
2023-03-07 11:35:09.875 [info] > git for-each-ref --format=%(refname)%00%(upstream:short)%00%(objectname)%00%(upstream:track)%00%(upstream:remotename)%00%(upstream:remoteref) refs/heads/main refs/remotes/main [3ms]
2023-03-07 11:35:10.020 [info] > git status -z -uall [136ms]
2023-03-07 11:35:15.053 [info] > git config --get commit.template [8ms]
2023-03-07 11:35:15.054 [info] > git for-each-ref --format=%(refname)%00%(upstream:short)%00%(objectname)%00%(upstream:track)%00%(upstream:remotename)%00%(upstream:remoteref) refs/heads/main refs/remotes/main [2ms]
2023-03-07 11:35:15.200 [info] > git status -z -uall [140ms]
2023-03-07 11:35:20.230 [info] > git config --get commit.template [7ms]
2023-03-07 11:35:20.233 [info] > git for-each-ref --format=%(refname)%00%(upstream:short)%00%(objectname)%00%(upstream:track)%00%(upstream:remotename)%00%(upstream:remoteref) refs/heads/main refs/remotes/main [3ms]
2023-03-07 11:35:20.377 [info] > git status -z -uall [139ms]
2023-03-07 11:35:25.410 [info] > git config --get commit.template [8ms]
2023-03-07 11:35:25.411 [info] > git for-each-ref --format=%(refname)%00%(upstream:short)%00%(objectname)%00%(upstream:track)%00%(upstream:remotename)%00%(upstream:remoteref) refs/heads/main refs/remotes/main [2ms]
2023-03-07 11:35:25.553 [info] > git status -z -uall [136ms]
2023-03-07 11:35:30.585 [info] > git config --get commit.template [8ms]
2023-03-07 11:35:30.587 [info] > git for-each-ref --format=%(refname)%00%(upstream:short)%00%(objectname)%00%(upstream:track)%00%(upstream:remotename)%00%(upstream:remoteref) refs/heads/main refs/remotes/main [2ms]
2023-03-07 11:35:30.725 [info] > git status -z -uall [133ms]
2023-03-07 11:35:35.761 [info] > git config --get commit.template [7ms]
2023-03-07 11:35:35.764 [info] > git for-each-ref --format=%(refname)%00%(upstream:short)%00%(objectname)%00%(upstream:track)%00%(upstream:remotename)%00%(upstream:remoteref) refs/heads/main refs/remotes/main [3ms]
2023-03-07 11:35:35.903 [info] > git status -z -uall [133ms]
2023-03-07 11:35:40.931 [info] > git config --get commit.template [7ms]
2023-03-07 11:35:40.933 [info] > git for-each-ref --format=%(refname)%00%(upstream:short)%00%(objectname)%00%(upstream:track)%00%(upstream:remotename)%00%(upstream:remoteref) refs/heads/main refs/remotes/main [3ms]
2023-03-07 11:35:41.081 [info] > git status -z -uall [142ms]
2023-03-07 11:35:46.110 [info] > git config --get commit.template [8ms]
2023-03-07 11:35:46.111 [info] > git for-each-ref --format=%(refname)%00%(upstream:short)%00%(objectname)%00%(upstream:track)%00%(upstream:remotename)%00%(upstream:remoteref) refs/heads/main refs/remotes/main [2ms]
2023-03-07 11:35:46.257 [info] > git status -z -uall [140ms]
2023-03-07 11:35:51.291 [info] > git config --get commit.template [11ms]
2023-03-07 11:35:51.291 [info] > git for-each-ref --format=%(refname)%00%(upstream:short)%00%(objectname)%00%(upstream:track)%00%(upstream:remotename)%00%(upstream:remoteref) refs/heads/main refs/remotes/main [2ms]
2023-03-07 11:35:51.439 [info] > git status -z -uall [141ms]
2023-03-07 11:35:56.468 [info] > git config --get commit.template [8ms]
2023-03-07 11:35:56.470 [info] > git for-each-ref --format=%(refname)%00%(upstream:short)%00%(objectname)%00%(upstream:track)%00%(upstream:remotename)%00%(upstream:remoteref) refs/heads/main refs/remotes/main [2ms]
2023-03-07 11:35:56.618 [info] > git status -z -uall [143ms]
2023-03-07 11:36:01.678 [info] > git config --get commit.template [9ms]
2023-03-07 11:36:01.679 [info] > git for-each-ref --format=%(refname)%00%(upstream:short)%00%(objectname)%00%(upstream:track)%00%(upstream:remotename)%00%(upstream:remoteref) refs/heads/main refs/remotes/main [2ms]
2023-03-07 11:36:01.818 [info] > git status -z -uall [133ms]
2023-03-07 11:36:06.849 [info] > git config --get commit.template [9ms]
2023-03-07 11:36:06.850 [info] > git for-each-ref --format=%(refname)%00%(upstream:short)%00%(objectname)%00%(upstream:track)%00%(upstream:remotename)%00%(upstream:remoteref) refs/heads/main refs/remotes/main [2ms]
2023-03-07 11:36:06.990 [info] > git status -z -uall [135ms]
2023-03-07 11:36:12.021 [info] > git config --get commit.template [9ms]
2023-03-07 11:36:12.022 [info] > git for-each-ref --format=%(refname)%00%(upstream:short)%00%(objectname)%00%(upstream:track)%00%(upstream:remotename)%00%(upstream:remoteref) refs/heads/main refs/remotes/main [2ms]
2023-03-07 11:36:12.165 [info] > git status -z -uall [137ms]
2023-03-07 11:36:17.195 [info] > git config --get commit.template [7ms]
2023-03-07 11:36:17.197 [info] > git for-each-ref --format=%(refname)%00%(upstream:short)%00%(objectname)%00%(upstream:track)%00%(upstream:remotename)%00%(upstream:remoteref) refs/heads/main refs/remotes/main [2ms]
2023-03-07 11:36:17.348 [info] > git status -z -uall [144ms]
2023-03-07 11:36:22.372 [info] > git config --get commit.template [8ms]
2023-03-07 11:36:22.373 [info] > git for-each-ref --format=%(refname)%00%(upstream:short)%00%(objectname)%00%(upstream:track)%00%(upstream:remotename)%00%(upstream:remoteref) refs/heads/main refs/remotes/main [2ms]
2023-03-07 11:36:22.512 [info] > git status -z -uall [134ms]
2023-03-07 11:36:27.541 [info] > git config --get commit.template [7ms]
2023-03-07 11:36:27.543 [info] > git for-each-ref --format=%(refname)%00%(upstream:short)%00%(objectname)%00%(upstream:track)%00%(upstream:remotename)%00%(upstream:remoteref) refs/heads/main refs/remotes/main [2ms]
2023-03-07 11:36:27.685 [info] > git status -z -uall [137ms]
2023-03-07 11:36:32.712 [info] > git config --get commit.template [8ms]
2023-03-07 11:36:32.715 [info] > git for-each-ref --format=%(refname)%00%(upstream:short)%00%(objectname)%00%(upstream:track)%00%(upstream:remotename)%00%(upstream:remoteref) refs/heads/main refs/remotes/main [4ms]
2023-03-07 11:36:32.858 [info] > git status -z -uall [136ms]
2023-03-07 11:36:37.882 [info] > git config --get commit.template [2ms]
2023-03-07 11:36:37.891 [info] > git for-each-ref --format=%(refname)%00%(upstream:short)%00%(objectname)%00%(upstream:track)%00%(upstream:remotename)%00%(upstream:remoteref) refs/heads/main refs/remotes/main [2ms]
2023-03-07 11:36:38.031 [info] > git status -z -uall [133ms]
2023-03-07 11:36:43.063 [info] > git config --get commit.template [7ms]
2023-03-07 11:36:43.065 [info] > git for-each-ref --format=%(refname)%00%(upstream:short)%00%(objectname)%00%(upstream:track)%00%(upstream:remotename)%00%(upstream:remoteref) refs/heads/main refs/remotes/main [3ms]
2023-03-07 11:36:43.204 [info] > git status -z -uall [132ms]
2023-03-07 11:36:48.229 [info] > git config --get commit.template [7ms]
2023-03-07 11:36:48.230 [info] > git for-each-ref --format=%(refname)%00%(upstream:short)%00%(objectname)%00%(upstream:track)%00%(upstream:remotename)%00%(upstream:remoteref) refs/heads/main refs/remotes/main [2ms]
2023-03-07 11:36:48.370 [info] > git status -z -uall [131ms]
2023-03-07 11:36:53.403 [info] > git config --get commit.template [8ms]
2023-03-07 11:36:53.404 [info] > git for-each-ref --format=%(refname)%00%(upstream:short)%00%(objectname)%00%(upstream:track)%00%(upstream:remotename)%00%(upstream:remoteref) refs/heads/main refs/remotes/main [2ms]
2023-03-07 11:36:53.546 [info] > git status -z -uall [137ms]
2023-03-07 11:36:58.584 [info] > git config --get commit.template [9ms]
2023-03-07 11:36:58.586 [info] > git for-each-ref --format=%(refname)%00%(upstream:short)%00%(objectname)%00%(upstream:track)%00%(upstream:remotename)%00%(upstream:remoteref) refs/heads/main refs/remotes/main [2ms]
2023-03-07 11:36:58.726 [info] > git status -z -uall [134ms]
2023-03-07 11:37:03.760 [info] > git config --get commit.template [8ms]
2023-03-07 11:37:03.760 [info] > git for-each-ref --format=%(refname)%00%(upstream:short)%00%(objectname)%00%(upstream:track)%00%(upstream:remotename)%00%(upstream:remoteref) refs/heads/main refs/remotes/main [1ms]
2023-03-07 11:37:03.905 [info] > git status -z -uall [138ms]
2023-03-07 11:37:08.934 [info] > git for-each-ref --format=%(refname)%00%(upstream:short)%00%(objectname)%00%(upstream:track)%00%(upstream:remotename)%00%(upstream:remoteref) refs/heads/main refs/remotes/main [1ms]
2023-03-07 11:37:08.934 [info] > git config --get commit.template [10ms]
2023-03-07 11:37:09.079 [info] > git status -z -uall [138ms]
2023-03-07 11:37:14.104 [info] > git config --get commit.template [8ms]
2023-03-07 11:37:14.105 [info] > git for-each-ref --format=%(refname)%00%(upstream:short)%00%(objectname)%00%(upstream:track)%00%(upstream:remotename)%00%(upstream:remoteref) refs/heads/main refs/remotes/main [2ms]
2023-03-07 11:37:14.251 [info] > git status -z -uall [141ms]
2023-03-07 11:37:19.278 [info] > git config --get commit.template [6ms]
2023-03-07 11:37:19.280 [info] > git for-each-ref --format=%(refname)%00%(upstream:short)%00%(objectname)%00%(upstream:track)%00%(upstream:remotename)%00%(upstream:remoteref) refs/heads/main refs/remotes/main [2ms]
2023-03-07 11:37:19.425 [info] > git status -z -uall [137ms]
2023-03-07 11:37:24.447 [info] > git config --get commit.template [1ms]
2023-03-07 11:37:24.456 [info] > git for-each-ref --format=%(refname)%00%(upstream:short)%00%(objectname)%00%(upstream:track)%00%(upstream:remotename)%00%(upstream:remoteref) refs/heads/main refs/remotes/main [1ms]
2023-03-07 11:37:24.598 [info] > git status -z -uall [138ms]
2023-03-07 11:37:29.627 [info] > git config --get commit.template [7ms]
2023-03-07 11:37:29.629 [info] > git for-each-ref --format=%(refname)%00%(upstream:short)%00%(objectname)%00%(upstream:track)%00%(upstream:remotename)%00%(upstream:remoteref) refs/heads/main refs/remotes/main [2ms]
2023-03-07 11:37:29.773 [info] > git status -z -uall [139ms]
2023-03-07 11:37:34.810 [info] > git config --get commit.template [7ms]
2023-03-07 11:37:34.812 [info] > git for-each-ref --format=%(refname)%00%(upstream:short)%00%(objectname)%00%(upstream:track)%00%(upstream:remotename)%00%(upstream:remoteref) refs/heads/main refs/remotes/main [2ms]
2023-03-07 11:37:34.959 [info] > git status -z -uall [142ms]
2023-03-07 11:37:39.992 [info] > git config --get commit.template [11ms]
2023-03-07 11:37:39.994 [info] > git for-each-ref --format=%(refname)%00%(upstream:short)%00%(objectname)%00%(upstream:track)%00%(upstream:remotename)%00%(upstream:remoteref) refs/heads/main refs/remotes/main [3ms]
2023-03-07 11:37:40.137 [info] > git status -z -uall [137ms]
2023-03-07 11:37:45.168 [info] > git config --get commit.template [10ms]
2023-03-07 11:37:45.170 [info] > git for-each-ref --format=%(refname)%00%(upstream:short)%00%(objectname)%00%(upstream:track)%00%(upstream:remotename)%00%(upstream:remoteref) refs/heads/main refs/remotes/main [3ms]
2023-03-07 11:37:45.308 [info] > git status -z -uall [132ms]
2023-03-07 11:37:50.331 [info] > git config --get commit.template [6ms]
2023-03-07 11:37:50.334 [info] > git for-each-ref --format=%(refname)%00%(upstream:short)%00%(objectname)%00%(upstream:track)%00%(upstream:remotename)%00%(upstream:remoteref) refs/heads/main refs/remotes/main [4ms]
2023-03-07 11:37:50.477 [info] > git status -z -uall [137ms]
2023-03-07 11:37:55.502 [info] > git config --get commit.template [8ms]
2023-03-07 11:37:55.504 [info] > git for-each-ref --format=%(refname)%00%(upstream:short)%00%(objectname)%00%(upstream:track)%00%(upstream:remotename)%00%(upstream:remoteref) refs/heads/main refs/remotes/main [2ms]
2023-03-07 11:37:55.642 [info] > git status -z -uall [134ms]
2023-03-07 11:38:00.668 [info] > git config --get commit.template [8ms]
2023-03-07 11:38:00.670 [info] > git for-each-ref --format=%(refname)%00%(upstream:short)%00%(objectname)%00%(upstream:track)%00%(upstream:remotename)%00%(upstream:remoteref) refs/heads/main refs/remotes/main [3ms]
2023-03-07 11:38:00.809 [info] > git status -z -uall [134ms]
2023-03-07 11:38:05.830 [info] > git config --get commit.template [2ms]
2023-03-07 11:38:05.837 [info] > git for-each-ref --format=%(refname)%00%(upstream:short)%00%(objectname)%00%(upstream:track)%00%(upstream:remotename)%00%(upstream:remoteref) refs/heads/main refs/remotes/main [2ms]
2023-03-07 11:38:05.974 [info] > git status -z -uall [132ms]
2023-03-07 11:38:10.999 [info] > git config --get commit.template [1ms]
2023-03-07 11:38:11.010 [info] > git for-each-ref --format=%(refname)%00%(upstream:short)%00%(objectname)%00%(upstream:track)%00%(upstream:remotename)%00%(upstream:remoteref) refs/heads/main refs/remotes/main [3ms]
2023-03-07 11:38:11.155 [info] > git status -z -uall [137ms]
2023-03-07 11:38:16.180 [info] > git config --get commit.template [6ms]
2023-03-07 11:38:16.181 [info] > git for-each-ref --format=%(refname)%00%(upstream:short)%00%(objectname)%00%(upstream:track)%00%(upstream:remotename)%00%(upstream:remoteref) refs/heads/main refs/remotes/main [2ms]
2023-03-07 11:38:16.315 [info] > git status -z -uall [129ms]
2023-03-07 11:38:21.354 [info] > git config --get commit.template [7ms]
2023-03-07 11:38:21.355 [info] > git for-each-ref --format=%(refname)%00%(upstream:short)%00%(objectname)%00%(upstream:track)%00%(upstream:remotename)%00%(upstream:remoteref) refs/heads/main refs/remotes/main [2ms]
2023-03-07 11:38:21.498 [info] > git status -z -uall [138ms]
2023-03-07 11:38:26.526 [info] > git config --get commit.template [7ms]
2023-03-07 11:38:26.527 [info] > git for-each-ref --format=%(refname)%00%(upstream:short)%00%(objectname)%00%(upstream:track)%00%(upstream:remotename)%00%(upstream:remoteref) refs/heads/main refs/remotes/main [2ms]
2023-03-07 11:38:26.666 [info] > git status -z -uall [134ms]
2023-03-07 11:38:31.691 [info] > git config --get commit.template [7ms]
2023-03-07 11:38:31.693 [info] > git for-each-ref --format=%(refname)%00%(upstream:short)%00%(objectname)%00%(upstream:track)%00%(upstream:remotename)%00%(upstream:remoteref) refs/heads/main refs/remotes/main [2ms]
2023-03-07 11:38:31.831 [info] > git status -z -uall [131ms]
2023-03-07 11:38:36.854 [info] > git config --get commit.template [6ms]
2023-03-07 11:38:36.856 [info] > git for-each-ref --format=%(refname)%00%(upstream:short)%00%(objectname)%00%(upstream:track)%00%(upstream:remotename)%00%(upstream:remoteref) refs/heads/main refs/remotes/main [2ms]
2023-03-07 11:38:36.996 [info] > git status -z -uall [135ms]
2023-03-07 11:38:42.019 [info] > git config --get commit.template [2ms]
2023-03-07 11:38:42.026 [info] > git for-each-ref --format=%(refname)%00%(upstream:short)%00%(objectname)%00%(upstream:track)%00%(upstream:remotename)%00%(upstream:remoteref) refs/heads/main refs/remotes/main [2ms]
2023-03-07 11:38:42.171 [info] > git status -z -uall [138ms]
2023-03-07 11:38:47.202 [info] > git config --get commit.template [7ms]
2023-03-07 11:38:47.203 [info] > git for-each-ref --format=%(refname)%00%(upstream:short)%00%(objectname)%00%(upstream:track)%00%(upstream:remotename)%00%(upstream:remoteref) refs/heads/main refs/remotes/main [2ms]
2023-03-07 11:38:47.338 [info] > git status -z -uall [130ms]
2023-03-07 11:38:52.363 [info] > git config --get commit.template [7ms]
2023-03-07 11:38:52.365 [info] > git for-each-ref --format=%(refname)%00%(upstream:short)%00%(objectname)%00%(upstream:track)%00%(upstream:remotename)%00%(upstream:remoteref) refs/heads/main refs/remotes/main [3ms]
2023-03-07 11:38:52.499 [info] > git status -z -uall [129ms]
2023-03-07 11:38:57.586 [info] > git config --get commit.template [23ms]
2023-03-07 11:38:57.589 [info] > git for-each-ref --format=%(refname)%00%(upstream:short)%00%(objectname)%00%(upstream:track)%00%(upstream:remotename)%00%(upstream:remoteref) refs/heads/main refs/remotes/main [3ms]
2023-03-07 11:38:57.741 [info] > git status -z -uall [145ms]
2023-03-07 11:39:02.767 [info] > git config --get commit.template [7ms]
2023-03-07 11:39:02.769 [info] > git for-each-ref --format=%(refname)%00%(upstream:short)%00%(objectname)%00%(upstream:track)%00%(upstream:remotename)%00%(upstream:remoteref) refs/heads/main refs/remotes/main [3ms]
2023-03-07 11:39:02.907 [info] > git status -z -uall [134ms]
2023-03-07 11:39:07.936 [info] > git config --get commit.template [7ms]
2023-03-07 11:39:07.938 [info] > git for-each-ref --format=%(refname)%00%(upstream:short)%00%(objectname)%00%(upstream:track)%00%(upstream:remotename)%00%(upstream:remoteref) refs/heads/main refs/remotes/main [3ms]
2023-03-07 11:39:08.076 [info] > git status -z -uall [131ms]
2023-03-07 11:39:13.094 [info] > git config --get commit.template [2ms]
2023-03-07 11:39:13.101 [info] > git for-each-ref --format=%(refname)%00%(upstream:short)%00%(objectname)%00%(upstream:track)%00%(upstream:remotename)%00%(upstream:remoteref) refs/heads/main refs/remotes/main [2ms]
2023-03-07 11:39:13.235 [info] > git status -z -uall [129ms]
2023-03-07 11:39:18.261 [info] > git config --get commit.template [7ms]
2023-03-07 11:39:18.262 [info] > git for-each-ref --format=%(refname)%00%(upstream:short)%00%(objectname)%00%(upstream:track)%00%(upstream:remotename)%00%(upstream:remoteref) refs/heads/main refs/remotes/main [2ms]
2023-03-07 11:39:18.398 [info] > git status -z -uall [131ms]
2023-03-07 11:39:23.424 [info] > git config --get commit.template [7ms]
2023-03-07 11:39:23.426 [info] > git for-each-ref --format=%(refname)%00%(upstream:short)%00%(objectname)%00%(upstream:track)%00%(upstream:remotename)%00%(upstream:remoteref) refs/heads/main refs/remotes/main [3ms]
2023-03-07 11:39:23.560 [info] > git status -z -uall [129ms]
2023-03-07 11:39:28.588 [info] > git config --get commit.template [6ms]
2023-03-07 11:39:28.590 [info] > git for-each-ref --format=%(refname)%00%(upstream:short)%00%(objectname)%00%(upstream:track)%00%(upstream:remotename)%00%(upstream:remoteref) refs/heads/main refs/remotes/main [2ms]
2023-03-07 11:39:28.729 [info] > git status -z -uall [133ms]
2023-03-07 11:39:33.758 [info] > git config --get commit.template [7ms]
2023-03-07 11:39:33.760 [info] > git for-each-ref --format=%(refname)%00%(upstream:short)%00%(objectname)%00%(upstream:track)%00%(upstream:remotename)%00%(upstream:remoteref) refs/heads/main refs/remotes/main [3ms]
2023-03-07 11:39:33.899 [info] > git status -z -uall [133ms]
2023-03-07 11:39:38.930 [info] > git config --get commit.template [7ms]
2023-03-07 11:39:38.932 [info] > git for-each-ref --format=%(refname)%00%(upstream:short)%00%(objectname)%00%(upstream:track)%00%(upstream:remotename)%00%(upstream:remoteref) refs/heads/main refs/remotes/main [3ms]
2023-03-07 11:39:39.065 [info] > git status -z -uall [129ms]
2023-03-07 11:39:44.088 [info] > git config --get commit.template [7ms]
2023-03-07 11:39:44.090 [info] > git for-each-ref --format=%(refname)%00%(upstream:short)%00%(objectname)%00%(upstream:track)%00%(upstream:remotename)%00%(upstream:remoteref) refs/heads/main refs/remotes/main [3ms]
2023-03-07 11:39:44.226 [info] > git status -z -uall [131ms]
2023-03-07 11:39:48.146 [info] > git check-ignore -v -z --stdin [4ms]
2023-03-07 11:39:49.255 [info] > git config --get commit.template [8ms]
2023-03-07 11:39:49.256 [info] > git for-each-ref --format=%(refname)%00%(upstream:short)%00%(objectname)%00%(upstream:track)%00%(upstream:remotename)%00%(upstream:remoteref) refs/heads/main refs/remotes/main [2ms]
2023-03-07 11:39:49.402 [info] > git status -z -uall [140ms]
2023-03-07 11:39:54.425 [info] > git config --get commit.template [2ms]
2023-03-07 11:39:54.432 [info] > git for-each-ref --format=%(refname)%00%(upstream:short)%00%(objectname)%00%(upstream:track)%00%(upstream:remotename)%00%(upstream:remoteref) refs/heads/main refs/remotes/main [2ms]
2023-03-07 11:39:54.575 [info] > git status -z -uall [137ms]
