2023-03-07 11:40:02.658 [info] Log level: Info
2023-03-07 11:40:02.658 [info] Validating found git in: "git"
2023-03-07 11:40:02.658 [info] Using git "2.39.2" from "git"
2023-03-07 11:40:02.658 [info] > git rev-parse --show-toplevel [14ms]
2023-03-07 11:40:02.658 [info] > git rev-parse --git-dir --git-common-dir [13ms]
2023-03-07 11:40:02.658 [info] Open repository: /home/agneta
2023-03-07 11:40:02.658 [info] > git config --get commit.template [12ms]
2023-03-07 11:40:02.658 [info] > git rev-parse --show-toplevel [30ms]
2023-03-07 11:40:02.658 [info] > git for-each-ref --format=%(refname)%00%(upstream:short)%00%(objectname)%00%(upstream:track)%00%(upstream:remotename)%00%(upstream:remoteref) refs/heads/main refs/remotes/main [21ms]
2023-03-07 11:40:02.658 [info] > git rev-parse --show-toplevel [18ms]
2023-03-07 11:40:02.724 [info] > git status -z -uall [391ms]
2023-03-07 11:40:03.131 [info] > git config --get commit.template [26ms]
2023-03-07 11:40:03.145 [info] > git check-ignore -v -z --stdin [15ms]
2023-03-07 11:40:03.148 [info] > git for-each-ref --format=%(refname)%00%(upstream:short)%00%(objectname)%00%(upstream:track)%00%(upstream:remotename)%00%(upstream:remoteref) refs/heads/main refs/remotes/main [7ms]
2023-03-07 11:40:03.586 [info] > git status -z -uall [434ms]
2023-03-07 11:40:08.732 [info] > git config --get commit.template [7ms]
2023-03-07 11:40:08.733 [info] > git for-each-ref --format=%(refname)%00%(upstream:short)%00%(objectname)%00%(upstream:track)%00%(upstream:remotename)%00%(upstream:remoteref) refs/heads/main refs/remotes/main [2ms]
2023-03-07 11:40:08.868 [info] > git status -z -uall [130ms]
2023-03-07 11:40:13.895 [info] > git config --get commit.template [1ms]
2023-03-07 11:40:13.908 [info] > git for-each-ref --format=%(refname)%00%(upstream:short)%00%(objectname)%00%(upstream:track)%00%(upstream:remotename)%00%(upstream:remoteref) refs/heads/main refs/remotes/main [3ms]
2023-03-07 11:40:14.046 [info] > git status -z -uall [133ms]
2023-03-07 11:40:19.076 [info] > git config --get commit.template [7ms]
2023-03-07 11:40:19.078 [info] > git for-each-ref --format=%(refname)%00%(upstream:short)%00%(objectname)%00%(upstream:track)%00%(upstream:remotename)%00%(upstream:remoteref) refs/heads/main refs/remotes/main [2ms]
2023-03-07 11:40:19.223 [info] > git status -z -uall [140ms]
2023-03-07 11:40:24.253 [info] > git config --get commit.template [1ms]
2023-03-07 11:40:24.262 [info] > git for-each-ref --format=%(refname)%00%(upstream:short)%00%(objectname)%00%(upstream:track)%00%(upstream:remotename)%00%(upstream:remoteref) refs/heads/main refs/remotes/main [3ms]
2023-03-07 11:40:24.402 [info] > git status -z -uall [133ms]
2023-03-07 11:40:29.424 [info] > git config --get commit.template [1ms]
2023-03-07 11:40:29.431 [info] > git for-each-ref --format=%(refname)%00%(upstream:short)%00%(objectname)%00%(upstream:track)%00%(upstream:remotename)%00%(upstream:remoteref) refs/heads/main refs/remotes/main [2ms]
2023-03-07 11:40:29.570 [info] > git status -z -uall [134ms]
2023-03-07 11:40:34.603 [info] > git config --get commit.template [5ms]
2023-03-07 11:40:34.604 [info] > git for-each-ref --format=%(refname)%00%(upstream:short)%00%(objectname)%00%(upstream:track)%00%(upstream:remotename)%00%(upstream:remoteref) refs/heads/main refs/remotes/main [2ms]
2023-03-07 11:40:34.742 [info] > git status -z -uall [134ms]
2023-03-07 11:40:39.772 [info] > git config --get commit.template [1ms]
2023-03-07 11:40:39.779 [info] > git for-each-ref --format=%(refname)%00%(upstream:short)%00%(objectname)%00%(upstream:track)%00%(upstream:remotename)%00%(upstream:remoteref) refs/heads/main refs/remotes/main [2ms]
2023-03-07 11:40:39.915 [info] > git status -z -uall [132ms]
2023-03-07 11:40:44.956 [info] > git config --get commit.template [7ms]
2023-03-07 11:40:44.957 [info] > git for-each-ref --format=%(refname)%00%(upstream:short)%00%(objectname)%00%(upstream:track)%00%(upstream:remotename)%00%(upstream:remoteref) refs/heads/main refs/remotes/main [2ms]
2023-03-07 11:40:45.094 [info] > git status -z -uall [132ms]
2023-03-07 11:40:50.131 [info] > git config --get commit.template [6ms]
2023-03-07 11:40:50.133 [info] > git for-each-ref --format=%(refname)%00%(upstream:short)%00%(objectname)%00%(upstream:track)%00%(upstream:remotename)%00%(upstream:remoteref) refs/heads/main refs/remotes/main [2ms]
2023-03-07 11:40:50.275 [info] > git status -z -uall [136ms]
2023-03-07 11:40:55.305 [info] > git config --get commit.template [1ms]
2023-03-07 11:40:55.311 [info] > git for-each-ref --format=%(refname)%00%(upstream:short)%00%(objectname)%00%(upstream:track)%00%(upstream:remotename)%00%(upstream:remoteref) refs/heads/main refs/remotes/main [2ms]
2023-03-07 11:40:55.447 [info] > git status -z -uall [131ms]
2023-03-07 11:41:00.484 [info] > git config --get commit.template [6ms]
2023-03-07 11:41:00.486 [info] > git for-each-ref --format=%(refname)%00%(upstream:short)%00%(objectname)%00%(upstream:track)%00%(upstream:remotename)%00%(upstream:remoteref) refs/heads/main refs/remotes/main [3ms]
2023-03-07 11:41:00.625 [info] > git status -z -uall [134ms]
2023-03-07 11:41:05.647 [info] > git config --get commit.template [1ms]
2023-03-07 11:41:05.655 [info] > git for-each-ref --format=%(refname)%00%(upstream:short)%00%(objectname)%00%(upstream:track)%00%(upstream:remotename)%00%(upstream:remoteref) refs/heads/main refs/remotes/main [2ms]
2023-03-07 11:41:05.800 [info] > git status -z -uall [140ms]
2023-03-07 11:41:10.826 [info] > git config --get commit.template [7ms]
2023-03-07 11:41:10.828 [info] > git for-each-ref --format=%(refname)%00%(upstream:short)%00%(objectname)%00%(upstream:track)%00%(upstream:remotename)%00%(upstream:remoteref) refs/heads/main refs/remotes/main [3ms]
2023-03-07 11:41:10.969 [info] > git status -z -uall [135ms]
2023-03-07 11:41:16.015 [info] > git show --textconv :Desktop/coding/etch-a-sketch/index.html [37ms]
2023-03-07 11:41:16.017 [info] > git ls-files --stage -- /home/agneta/Desktop/coding/etch-a-sketch/index.html [25ms]
2023-03-07 11:41:16.050 [info] > git cat-file -s 1ebbce3d1c733b71479008f79e873eb37a8c60bc [20ms]
2023-03-07 11:41:16.056 [info] > git config --get commit.template [44ms]
2023-03-07 11:41:16.089 [info] > git for-each-ref --format=%(refname)%00%(upstream:short)%00%(objectname)%00%(upstream:track)%00%(upstream:remotename)%00%(upstream:remoteref) refs/heads/main refs/remotes/main [1ms]
2023-03-07 11:41:16.423 [info] > git status -z -uall [308ms]
2023-03-07 11:41:21.478 [info] > git config --get commit.template [7ms]
2023-03-07 11:41:21.479 [info] > git for-each-ref --format=%(refname)%00%(upstream:short)%00%(objectname)%00%(upstream:track)%00%(upstream:remotename)%00%(upstream:remoteref) refs/heads/main refs/remotes/main [2ms]
2023-03-07 11:41:21.615 [info] > git status -z -uall [131ms]
2023-03-07 11:41:26.647 [info] > git config --get commit.template [7ms]
2023-03-07 11:41:26.649 [info] > git for-each-ref --format=%(refname)%00%(upstream:short)%00%(objectname)%00%(upstream:track)%00%(upstream:remotename)%00%(upstream:remoteref) refs/heads/main refs/remotes/main [2ms]
2023-03-07 11:41:26.792 [info] > git status -z -uall [138ms]
2023-03-07 11:41:33.909 [info] > git config --get commit.template [9ms]
2023-03-07 11:41:33.913 [info] > git for-each-ref --format=%(refname)%00%(upstream:short)%00%(objectname)%00%(upstream:track)%00%(upstream:remotename)%00%(upstream:remoteref) refs/heads/main refs/remotes/main [4ms]
2023-03-07 11:41:34.048 [info] > git status -z -uall [130ms]
2023-03-07 11:41:45.902 [info] > git config --get commit.template [8ms]
2023-03-07 11:41:45.904 [info] > git for-each-ref --format=%(refname)%00%(upstream:short)%00%(objectname)%00%(upstream:track)%00%(upstream:remotename)%00%(upstream:remoteref) refs/heads/main refs/remotes/main [3ms]
2023-03-07 11:41:46.037 [info] > git status -z -uall [128ms]
2023-03-07 11:41:50.167 [info] > git check-ignore -v -z --stdin [7ms]
2023-03-07 11:41:51.078 [info] > git config --get commit.template [7ms]
2023-03-07 11:41:51.079 [info] > git for-each-ref --format=%(refname)%00%(upstream:short)%00%(objectname)%00%(upstream:track)%00%(upstream:remotename)%00%(upstream:remoteref) refs/heads/main refs/remotes/main [2ms]
2023-03-07 11:41:51.218 [info] > git status -z -uall [133ms]
2023-03-07 11:41:56.249 [info] > git config --get commit.template [7ms]
2023-03-07 11:41:56.250 [info] > git for-each-ref --format=%(refname)%00%(upstream:short)%00%(objectname)%00%(upstream:track)%00%(upstream:remotename)%00%(upstream:remoteref) refs/heads/main refs/remotes/main [2ms]
2023-03-07 11:41:56.393 [info] > git status -z -uall [137ms]
