2023-03-07 11:45:14.132 [info] Extension host with pid 2530 started
2023-03-07 11:45:14.268 [info] ExtensionService#_doActivateExtension vscode.emmet, startup: false, activationEvent: 'onLanguage'
2023-03-07 11:45:14.274 [info] ExtensionService#_doActivateExtension vscode.git-base, startup: true, activationEvent: '*', root cause: vscode.git
2023-03-07 11:45:14.321 [info] ExtensionService#_doActivateExtension vscode.git, startup: true, activationEvent: '*'
2023-03-07 11:45:14.406 [info] ExtensionService#_doActivateExtension vscode.github, startup: true, activationEvent: '*'
2023-03-07 11:45:14.496 [info] Eager extensions activated
2023-03-07 11:45:14.541 [info] ExtensionService#_doActivateExtension vscode.debug-auto-launch, startup: false, activationEvent: 'onStartupFinished'
2023-03-07 11:45:14.544 [info] ExtensionService#_doActivateExtension vscode.merge-conflict, startup: false, activationEvent: 'onStartupFinished'
2023-03-07 11:45:14.798 [info] ExtensionService#_doActivateExtension vscode.github-authentication, startup: false, activationEvent: 'onAuthenticationRequest:github'
2023-03-07 11:45:15.032 [info] ExtensionService#_doActivateExtension vscode.microsoft-authentication, startup: false, activationEvent: 'onAuthenticationRequest:microsoft'
2023-03-07 11:45:33.310 [info] Extension host terminating: renderer closed the MessagePort
2023-03-07 11:45:33.343 [info] Extension host with pid 2530 exiting with code 0
2023-03-07 11:45:34.845 [info] Extension host with pid 2640 started
2023-03-07 11:45:34.845 [info] Skipping acquiring lock for /home/agneta/.config/Code/User/workspaceStorage/4e5a96f6283f56a212a169abe00af537.
2023-03-07 11:45:34.977 [info] ExtensionService#_doActivateExtension vscode.emmet, startup: false, activationEvent: 'onLanguage'
2023-03-07 11:45:34.984 [info] ExtensionService#_doActivateExtension vscode.git-base, startup: true, activationEvent: '*'
2023-03-07 11:45:35.056 [info] ExtensionService#_doActivateExtension vscode.github, startup: true, activationEvent: '*'
2023-03-07 11:45:35.114 [info] Eager extensions activated
2023-03-07 11:45:35.119 [info] ExtensionService#_doActivateExtension vscode.debug-auto-launch, startup: false, activationEvent: 'onStartupFinished'
2023-03-07 11:45:35.121 [info] ExtensionService#_doActivateExtension vscode.merge-conflict, startup: false, activationEvent: 'onStartupFinished'
2023-03-07 11:45:35.247 [info] ExtensionService#_doActivateExtension vscode.github-authentication, startup: false, activationEvent: 'onAuthenticationRequest:github'
2023-03-07 11:45:35.357 [info] ExtensionService#_doActivateExtension vscode.microsoft-authentication, startup: false, activationEvent: 'onAuthenticationRequest:microsoft'
2023-03-07 11:45:39.166 [info] ExtensionService#_doActivateExtension vscode.git, startup: false, activationEvent: 'api', root cause: vscode.github
2023-03-07 11:45:39.562 [warning] [Decorations] CAPPING events from decorations provider vscode.git 564
2023-03-07 11:45:39.955 [warning] [Decorations] CAPPING events from decorations provider vscode.git 564
2023-03-07 11:45:44.309 [warning] [Decorations] CAPPING events from decorations provider vscode.git 564
2023-03-07 11:45:49.480 [warning] [Decorations] CAPPING events from decorations provider vscode.git 564
2023-03-07 11:45:54.656 [warning] [Decorations] CAPPING events from decorations provider vscode.git 564
2023-03-07 11:45:59.826 [warning] [Decorations] CAPPING events from decorations provider vscode.git 564
2023-03-07 11:46:50.326 [warning] [Decorations] CAPPING events from decorations provider vscode.git 835
2023-03-07 11:46:55.533 [warning] [Decorations] CAPPING events from decorations provider vscode.git 835
2023-03-07 11:47:00.742 [warning] [Decorations] CAPPING events from decorations provider vscode.git 835
2023-03-07 11:47:05.947 [warning] [Decorations] CAPPING events from decorations provider vscode.git 838
2023-03-07 11:47:19.719 [info] ExtensionService#_doActivateExtension vscode.configuration-editing, startup: false, activationEvent: 'onLanguage:json'
2023-03-07 11:47:19.766 [info] ExtensionService#_doActivateExtension vscode.extension-editing, startup: false, activationEvent: 'onLanguage:json'
2023-03-07 11:47:19.873 [info] ExtensionService#_doActivateExtension vscode.json-language-features, startup: false, activationEvent: 'onLanguage:json'
2023-03-07 11:47:20.002 [info] ExtensionService#_doActivateExtension vscode.npm, startup: false, activationEvent: 'onLanguage:json'
2023-03-07 11:47:20.072 [warning] [Decorations] CAPPING events from decorations provider vscode.git 908
2023-03-07 11:47:20.460 [info] Extension host terminating: renderer closed the MessagePort
2023-03-07 11:47:20.494 [error] Canceled: Canceled
	at Object.P [as canceled] (/usr/share/code/resources/app/out/vs/workbench/api/node/extensionHostProcess.js:7:1192)
	at /usr/share/code/resources/app/out/vs/workbench/api/node/extensionHostProcess.js:106:7884
	at Array.forEach (<anonymous>)
	at c.dispose (/usr/share/code/resources/app/out/vs/workbench/api/node/extensionHostProcess.js:106:7849)
	at f.terminate (/usr/share/code/resources/app/out/vs/workbench/api/node/extensionHostProcess.js:108:9323)
	at u.terminate (/usr/share/code/resources/app/out/vs/workbench/api/node/extensionHostProcess.js:112:1397)
	at p (/usr/share/code/resources/app/out/vs/workbench/api/node/extensionHostProcess.js:122:18592)
	at MessagePortMain.<anonymous> (/usr/share/code/resources/app/out/vs/workbench/api/node/extensionHostProcess.js:122:14731)
	at MessagePortMain.emit (node:events:526:28)
	at MessagePortMain._internalPort.emit (node:electron/js2c/utility_init:5:364) setContext undefined
2023-03-07 11:47:20.494 [error] Canceled: Canceled
	at new a (/usr/share/code/resources/app/out/vs/workbench/api/node/extensionHostProcess.js:96:88793)
	at c.O (/usr/share/code/resources/app/out/vs/workbench/api/node/extensionHostProcess.js:106:11260)
	at V.<computed>.Q.charCodeAt.V.<computed> (/usr/share/code/resources/app/out/vs/workbench/api/node/extensionHostProcess.js:106:8550)
	at l.g (/usr/share/code/resources/app/out/vs/workbench/api/node/extensionHostProcess.js:96:108198)
	at l.executeCommand (/usr/share/code/resources/app/out/vs/workbench/api/node/extensionHostProcess.js:96:107574)
	at O.registerCommand.description (/usr/share/code/resources/app/out/vs/workbench/api/node/extensionHostProcess.js:96:106867)
	at l.h (/usr/share/code/resources/app/out/vs/workbench/api/node/extensionHostProcess.js:96:108784)
	at l.g (/usr/share/code/resources/app/out/vs/workbench/api/node/extensionHostProcess.js:96:107674)
	at l.executeCommand (/usr/share/code/resources/app/out/vs/workbench/api/node/extensionHostProcess.js:96:107574)
	at Object.executeCommand (/usr/share/code/resources/app/out/vs/workbench/api/node/extensionHostProcess.js:117:30781)
	at D (/usr/share/code/resources/app/extensions/git/dist/main.js:2:1467127)
	at f.invoke (/usr/share/code/resources/app/out/vs/workbench/api/node/extensionHostProcess.js:63:145)
	at g.deliver (/usr/share/code/resources/app/out/vs/workbench/api/node/extensionHostProcess.js:63:2066)
	at h.fire (/usr/share/code/resources/app/out/vs/workbench/api/node/extensionHostProcess.js:63:1704)
	at Object.m [as dispose] (/usr/share/code/resources/app/extensions/git/dist/main.js:2:1481856)
	at /usr/share/code/resources/app/extensions/git/dist/main.js:2:1485923
	at Array.forEach (<anonymous>)
	at g.dispose (/usr/share/code/resources/app/extensions/git/dist/main.js:2:1485909)
	at C.<anonymous> (/usr/share/code/resources/app/out/vs/workbench/api/node/extensionHostProcess.js:94:12431)
	at C.dispose (/usr/share/code/resources/app/out/vs/workbench/api/node/extensionHostProcess.js:94:12566)
	at C.<anonymous> (/usr/share/code/resources/app/extensions/git/dist/main.js:2:1469257)
	at C.dispose (/usr/share/code/resources/app/out/vs/workbench/api/node/extensionHostProcess.js:94:12566)
	at k (/usr/share/code/resources/app/out/vs/workbench/api/node/extensionHostProcess.js:10:12074)
	at f.X (/usr/share/code/resources/app/out/vs/workbench/api/node/extensionHostProcess.js:108:11284)
	at /usr/share/code/resources/app/out/vs/workbench/api/node/extensionHostProcess.js:108:9088
	at Array.map (<anonymous>)
	at f.Q (/usr/share/code/resources/app/out/vs/workbench/api/node/extensionHostProcess.js:108:9075)
	at f.terminate (/usr/share/code/resources/app/out/vs/workbench/api/node/extensionHostProcess.js:108:9347)
	at u.terminate (/usr/share/code/resources/app/out/vs/workbench/api/node/extensionHostProcess.js:112:1397)
	at p (/usr/share/code/resources/app/out/vs/workbench/api/node/extensionHostProcess.js:122:18592)
	at MessagePortMain.<anonymous> (/usr/share/code/resources/app/out/vs/workbench/api/node/extensionHostProcess.js:122:14731)
	at MessagePortMain.emit (node:events:526:28)
	at MessagePortMain._internalPort.emit (node:electron/js2c/utility_init:5:364) setContext undefined
2023-03-07 11:47:20.494 [info] Extension host with pid 2640 exiting with code 0
2023-03-07 11:47:20.905 [info] Extension host with pid 3268 started
2023-03-07 11:47:20.905 [info] Skipping acquiring lock for /home/agneta/.config/Code/User/workspaceStorage/68850d528a10155010bd9f8eccc67641.
2023-03-07 11:47:20.931 [info] ExtensionService#_doActivateExtension vscode.emmet, startup: false, activationEvent: 'onLanguage'
2023-03-07 11:47:20.938 [info] ExtensionService#_doActivateExtension vscode.github-authentication, startup: false, activationEvent: 'onAuthenticationRequest:github'
2023-03-07 11:47:20.953 [info] ExtensionService#_doActivateExtension vscode.microsoft-authentication, startup: false, activationEvent: 'onAuthenticationRequest:microsoft'
2023-03-07 11:47:20.967 [info] ExtensionService#_doActivateExtension vscode.git-base, startup: false, activationEvent: 'onCommand:git.clone', root cause: vscode.git
2023-03-07 11:47:20.970 [info] ExtensionService#_doActivateExtension vscode.configuration-editing, startup: false, activationEvent: 'onLanguage:json'
2023-03-07 11:47:20.980 [info] ExtensionService#_doActivateExtension vscode.extension-editing, startup: false, activationEvent: 'onLanguage:json'
2023-03-07 11:47:20.992 [info] ExtensionService#_doActivateExtension vscode.json-language-features, startup: false, activationEvent: 'onLanguage:json'
2023-03-07 11:47:21.054 [info] ExtensionService#_doActivateExtension vscode.npm, startup: false, activationEvent: 'onLanguage:json'
2023-03-07 11:47:21.126 [info] ExtensionService#_doActivateExtension vscode.git, startup: false, activationEvent: 'onCommand:git.clone'
2023-03-07 11:47:21.143 [info] ExtensionService#_doActivateExtension vscode.github, startup: true, activationEvent: '*'
2023-03-07 11:47:21.229 [info] Eager extensions activated
2023-03-07 11:47:21.297 [info] ExtensionService#_doActivateExtension vscode.debug-auto-launch, startup: false, activationEvent: 'onStartupFinished'
2023-03-07 11:47:21.300 [info] ExtensionService#_doActivateExtension vscode.merge-conflict, startup: false, activationEvent: 'onStartupFinished'
2023-03-07 11:47:21.996 [warning] [Decorations] CAPPING events from decorations provider vscode.git 912
2023-03-07 11:47:22.485 [warning] [Decorations] CAPPING events from decorations provider vscode.git 912
2023-03-07 11:47:30.542 [warning] [Decorations] CAPPING events from decorations provider vscode.git 913
2023-03-07 11:47:35.745 [warning] [Decorations] CAPPING events from decorations provider vscode.git 916
2023-03-07 11:47:40.953 [warning] [Decorations] CAPPING events from decorations provider vscode.git 916
2023-03-07 11:47:46.141 [warning] [Decorations] CAPPING events from decorations provider vscode.git 916
2023-03-07 11:47:51.333 [warning] [Decorations] CAPPING events from decorations provider vscode.git 916
2023-03-07 11:47:56.523 [warning] [Decorations] CAPPING events from decorations provider vscode.git 916
2023-03-07 11:48:01.710 [warning] [Decorations] CAPPING events from decorations provider vscode.git 916
2023-03-07 11:48:06.973 [warning] [Decorations] CAPPING events from decorations provider vscode.git 916
2023-03-07 11:48:12.173 [warning] [Decorations] CAPPING events from decorations provider vscode.git 916
2023-03-07 11:48:17.360 [warning] [Decorations] CAPPING events from decorations provider vscode.git 916
2023-03-07 11:48:22.569 [warning] [Decorations] CAPPING events from decorations provider vscode.git 916
2023-03-07 11:48:27.778 [warning] [Decorations] CAPPING events from decorations provider vscode.git 917
2023-03-07 11:48:32.979 [warning] [Decorations] CAPPING events from decorations provider vscode.git 918
2023-03-07 11:48:38.177 [warning] [Decorations] CAPPING events from decorations provider vscode.git 917
2023-03-07 11:48:43.379 [warning] [Decorations] CAPPING events from decorations provider vscode.git 918
2023-03-07 11:48:48.566 [warning] [Decorations] CAPPING events from decorations provider vscode.git 918
2023-03-07 11:48:53.756 [warning] [Decorations] CAPPING events from decorations provider vscode.git 918
2023-03-07 11:48:58.949 [warning] [Decorations] CAPPING events from decorations provider vscode.git 917
2023-03-07 11:49:04.134 [warning] [Decorations] CAPPING events from decorations provider vscode.git 917
2023-03-07 11:49:09.324 [warning] [Decorations] CAPPING events from decorations provider vscode.git 917
2023-03-07 11:49:14.536 [warning] [Decorations] CAPPING events from decorations provider vscode.git 917
2023-03-07 11:50:15.360 [warning] [Decorations] CAPPING events from decorations provider vscode.git 919
2023-03-07 11:50:15.577 [warning] [Decorations] CAPPING events from decorations provider vscode.git 648
2023-03-07 11:50:15.882 [warning] [Decorations] CAPPING events from decorations provider vscode.git 648
2023-03-07 11:50:20.656 [warning] [Decorations] CAPPING events from decorations provider vscode.git 648
2023-03-07 11:50:25.741 [warning] [Decorations] CAPPING events from decorations provider vscode.git 648
2023-03-07 11:50:30.834 [warning] [Decorations] CAPPING events from decorations provider vscode.git 648
2023-03-07 11:50:35.923 [warning] [Decorations] CAPPING events from decorations provider vscode.git 648
2023-03-07 11:50:44.993 [warning] [Decorations] CAPPING events from decorations provider vscode.git 657
2023-03-07 11:50:56.990 [warning] [Decorations] CAPPING events from decorations provider vscode.git 659
2023-03-07 11:51:02.096 [warning] [Decorations] CAPPING events from decorations provider vscode.git 652
2023-03-07 11:51:07.196 [warning] [Decorations] CAPPING events from decorations provider vscode.git 656
2023-03-07 11:51:12.294 [warning] [Decorations] CAPPING events from decorations provider vscode.git 656
2023-03-07 11:51:15.138 [info] ExtensionService#_doActivateExtension vscode.typescript-language-features, startup: false, activationEvent: 'onLanguage:jsonc'
2023-03-07 11:51:35.050 [warning] [Decorations] CAPPING events from decorations provider vscode.git 659
2023-03-07 11:51:35.291 [warning] [Decorations] CAPPING events from decorations provider vscode.git 659
2023-03-07 11:51:40.386 [warning] [Decorations] CAPPING events from decorations provider vscode.git 659
2023-03-07 11:51:45.486 [warning] [Decorations] CAPPING events from decorations provider vscode.git 659
2023-03-07 11:51:50.583 [warning] [Decorations] CAPPING events from decorations provider vscode.git 659
2023-03-07 11:51:55.675 [warning] [Decorations] CAPPING events from decorations provider vscode.git 659
2023-03-07 11:52:00.773 [warning] [Decorations] CAPPING events from decorations provider vscode.git 659
2023-03-07 11:52:05.865 [warning] [Decorations] CAPPING events from decorations provider vscode.git 659
2023-03-07 11:52:10.953 [warning] [Decorations] CAPPING events from decorations provider vscode.git 659
2023-03-07 11:52:16.044 [warning] [Decorations] CAPPING events from decorations provider vscode.git 659
2023-03-07 11:52:21.136 [warning] [Decorations] CAPPING events from decorations provider vscode.git 661
2023-03-07 11:52:26.231 [warning] [Decorations] CAPPING events from decorations provider vscode.git 661
2023-03-07 11:52:31.327 [warning] [Decorations] CAPPING events from decorations provider vscode.git 661
2023-03-07 11:52:36.431 [warning] [Decorations] CAPPING events from decorations provider vscode.git 662
2023-03-07 11:52:41.531 [warning] [Decorations] CAPPING events from decorations provider vscode.git 662
2023-03-07 11:52:46.643 [warning] [Decorations] CAPPING events from decorations provider vscode.git 662
