2023-03-02 22:58:11.320 [info] Log level: Info
2023-03-02 22:58:11.320 [info] Validating found git in: "git"
2023-03-02 22:58:11.320 [info] Using git "2.39.2" from "git"
2023-03-02 22:59:42.203 [info] > git rev-parse --show-toplevel [5ms]
2023-03-02 22:59:42.203 [info] fatal: not a git repository (or any of the parent directories): .git
2023-03-02 23:00:11.038 [info] > git rev-parse --show-toplevel [4ms]
2023-03-02 23:00:11.038 [info] fatal: not a git repository (or any of the parent directories): .git
2023-03-02 23:00:25.527 [info] > git rev-parse --show-toplevel [4ms]
2023-03-02 23:00:25.527 [info] fatal: not a git repository (or any of the parent directories): .git
2023-03-02 23:01:05.078 [info] > git rev-parse --show-toplevel [8ms]
2023-03-02 23:01:05.078 [info] fatal: not a git repository (or any of the parent directories): .git
2023-03-02 23:05:28.676 [info] > git rev-parse --show-toplevel [9ms]
2023-03-02 23:05:28.676 [info] fatal: not a git repository (or any of the parent directories): .git
2023-03-02 23:14:04.804 [info] > git rev-parse --show-toplevel [11ms]
2023-03-02 23:14:04.804 [info] fatal: not a git repository (or any of the parent directories): .git
2023-03-02 23:14:22.243 [info] > git rev-parse --show-toplevel [5ms]
2023-03-02 23:14:22.243 [info] fatal: not a git repository (or any of the parent directories): .git
2023-03-02 23:16:46.725 [info] > git rev-parse --show-toplevel [10ms]
2023-03-02 23:16:46.725 [info] fatal: not a git repository (or any of the parent directories): .git
2023-03-02 23:16:48.034 [info] > git rev-parse --show-toplevel [6ms]
2023-03-02 23:16:48.034 [info] fatal: not a git repository (or any of the parent directories): .git
2023-03-03 08:43:27.251 [info] > git rev-parse --show-toplevel [8ms]
2023-03-03 08:43:27.251 [info] fatal: not a git repository (or any of the parent directories): .git
2023-03-03 08:44:32.682 [info] > git rev-parse --show-toplevel [5ms]
2023-03-03 08:44:32.682 [info] fatal: not a git repository (or any of the parent directories): .git
2023-03-03 08:47:26.552 [info] > git rev-parse --show-toplevel [6ms]
2023-03-03 08:47:26.552 [info] fatal: not a git repository (or any of the parent directories): .git
2023-03-03 08:49:34.909 [info] > git rev-parse --show-toplevel [7ms]
2023-03-03 08:49:34.909 [info] fatal: not a git repository (or any of the parent directories): .git
2023-03-03 08:50:27.446 [info] > git rev-parse --show-toplevel [3ms]
2023-03-03 08:50:27.446 [info] fatal: not a git repository (or any of the parent directories): .git
2023-03-03 08:51:00.182 [info] > git rev-parse --show-toplevel [4ms]
2023-03-03 08:51:00.182 [info] fatal: not a git repository (or any of the parent directories): .git
2023-03-03 08:51:01.996 [info] > git rev-parse --show-toplevel [4ms]
2023-03-03 08:51:01.996 [info] fatal: not a git repository (or any of the parent directories): .git
2023-03-03 08:51:03.421 [info] > git rev-parse --show-toplevel [3ms]
2023-03-03 08:51:03.421 [info] fatal: not a git repository (or any of the parent directories): .git
2023-03-03 08:54:12.637 [info] > git rev-parse --show-toplevel [4ms]
2023-03-03 08:54:12.637 [info] fatal: not a git repository (or any of the parent directories): .git
2023-03-03 08:56:31.665 [info] > git rev-parse --show-toplevel [6ms]
2023-03-03 08:56:31.665 [info] fatal: not a git repository (or any of the parent directories): .git
2023-03-03 09:03:59.463 [info] > git rev-parse --show-toplevel [4ms]
2023-03-03 09:03:59.463 [info] fatal: not a git repository (or any of the parent directories): .git
2023-03-03 09:04:03.467 [info] > git rev-parse --show-toplevel [4ms]
2023-03-03 09:04:03.467 [info] fatal: not a git repository (or any of the parent directories): .git
2023-03-03 09:04:55.495 [info] > git rev-parse --show-toplevel [3ms]
2023-03-03 09:04:55.495 [info] fatal: not a git repository (or any of the parent directories): .git
2023-03-03 09:06:31.123 [info] > git rev-parse --show-toplevel [15ms]
2023-03-03 09:06:31.123 [info] fatal: not a git repository (or any of the parent directories): .git
2023-03-03 09:07:01.420 [info] > git rev-parse --show-toplevel [5ms]
2023-03-03 09:07:01.420 [info] fatal: not a git repository (or any of the parent directories): .git
2023-03-03 09:07:53.683 [info] > git rev-parse --show-toplevel [7ms]
2023-03-03 09:07:53.683 [info] fatal: not a git repository (or any of the parent directories): .git
2023-03-03 09:10:04.670 [info] > git rev-parse --show-toplevel [5ms]
2023-03-03 09:10:04.670 [info] fatal: not a git repository (or any of the parent directories): .git
2023-03-03 09:11:33.614 [info] > git rev-parse --show-toplevel [5ms]
2023-03-03 09:11:33.614 [info] fatal: not a git repository (or any of the parent directories): .git
2023-03-03 09:18:46.333 [info] > git rev-parse --show-toplevel [3ms]
2023-03-03 09:18:46.333 [info] fatal: not a git repository (or any of the parent directories): .git
2023-03-03 09:19:01.990 [info] > git rev-parse --show-toplevel [7ms]
2023-03-03 09:19:01.990 [info] fatal: not a git repository (or any of the parent directories): .git
2023-03-03 09:21:40.649 [info] > git rev-parse --show-toplevel [5ms]
2023-03-03 09:21:40.649 [info] fatal: not a git repository (or any of the parent directories): .git
2023-03-03 09:22:06.744 [info] > git rev-parse --show-toplevel [3ms]
2023-03-03 09:22:06.745 [info] fatal: not a git repository (or any of the parent directories): .git
2023-03-03 09:23:30.402 [info] > git rev-parse --show-toplevel [5ms]
2023-03-03 09:23:30.402 [info] fatal: not a git repository (or any of the parent directories): .git
2023-03-03 09:23:32.443 [info] > git rev-parse --show-toplevel [4ms]
2023-03-03 09:23:32.443 [info] fatal: not a git repository (or any of the parent directories): .git
2023-03-03 09:31:57.176 [info] > git rev-parse --show-toplevel [5ms]
2023-03-03 09:31:57.176 [info] fatal: not a git repository (or any of the parent directories): .git
2023-03-03 09:33:27.393 [info] > git rev-parse --show-toplevel [10ms]
2023-03-03 09:33:27.393 [info] fatal: not a git repository (or any of the parent directories): .git
2023-03-03 09:33:28.980 [info] > git rev-parse --show-toplevel [3ms]
2023-03-03 09:33:28.980 [info] fatal: not a git repository (or any of the parent directories): .git
2023-03-03 09:35:31.006 [info] > git rev-parse --show-toplevel [5ms]
2023-03-03 09:35:31.006 [info] fatal: not a git repository (or any of the parent directories): .git
2023-03-03 09:55:17.547 [info] > git rev-parse --show-toplevel [8ms]
2023-03-03 09:55:17.547 [info] fatal: not a git repository (or any of the parent directories): .git
2023-03-03 10:00:36.417 [info] > git rev-parse --show-toplevel [5ms]
2023-03-03 10:00:36.417 [info] fatal: not a git repository (or any of the parent directories): .git
2023-03-03 10:08:40.477 [info] > git rev-parse --show-toplevel [3ms]
2023-03-03 10:08:40.477 [info] fatal: not a git repository (or any of the parent directories): .git
2023-03-03 10:09:27.941 [info] > git rev-parse --show-toplevel [5ms]
2023-03-03 10:09:27.941 [info] fatal: not a git repository (or any of the parent directories): .git
2023-03-03 10:15:38.481 [info] > git rev-parse --show-toplevel [11ms]
2023-03-03 10:15:38.481 [info] fatal: not a git repository (or any of the parent directories): .git
2023-03-03 10:15:45.156 [info] > git rev-parse --show-toplevel [6ms]
2023-03-03 10:15:45.156 [info] fatal: not a git repository (or any of the parent directories): .git
2023-03-03 10:21:53.092 [info] > git rev-parse --show-toplevel [6ms]
2023-03-03 10:21:53.092 [info] fatal: not a git repository (or any of the parent directories): .git
2023-03-03 10:22:29.626 [info] > git rev-parse --show-toplevel [6ms]
2023-03-03 10:22:29.626 [info] fatal: not a git repository (or any of the parent directories): .git
2023-03-03 10:23:10.558 [info] > git rev-parse --show-toplevel [1ms]
2023-03-03 10:23:10.558 [info] fatal: not a git repository (or any of the parent directories): .git
2023-03-03 10:23:54.870 [info] > git rev-parse --show-toplevel [10ms]
2023-03-03 10:23:54.870 [info] fatal: not a git repository (or any of the parent directories): .git
2023-03-03 10:25:05.421 [info] > git rev-parse --show-toplevel [4ms]
2023-03-03 10:25:05.421 [info] fatal: not a git repository (or any of the parent directories): .git
2023-03-03 10:25:13.524 [info] > git rev-parse --show-toplevel [3ms]
2023-03-03 10:25:13.524 [info] fatal: not a git repository (or any of the parent directories): .git
2023-03-03 10:25:32.549 [info] > git rev-parse --show-toplevel [9ms]
2023-03-03 10:25:32.549 [info] fatal: not a git repository (or any of the parent directories): .git
2023-03-03 10:30:02.692 [info] > git rev-parse --show-toplevel [11ms]
2023-03-03 10:30:02.692 [info] fatal: not a git repository (or any of the parent directories): .git
2023-03-03 10:30:08.619 [info] > git rev-parse --show-toplevel [6ms]
2023-03-03 10:30:08.619 [info] fatal: not a git repository (or any of the parent directories): .git
2023-03-03 10:30:17.164 [info] > git rev-parse --show-toplevel [6ms]
2023-03-03 10:30:17.164 [info] fatal: not a git repository (or any of the parent directories): .git
2023-03-03 10:32:24.716 [info] > git rev-parse --show-toplevel [7ms]
2023-03-03 10:32:24.716 [info] fatal: not a git repository (or any of the parent directories): .git
2023-03-03 10:34:03.131 [info] > git rev-parse --show-toplevel [5ms]
2023-03-03 10:34:03.131 [info] fatal: not a git repository (or any of the parent directories): .git
2023-03-03 10:34:32.917 [info] > git rev-parse --show-toplevel [13ms]
2023-03-03 10:34:32.917 [info] fatal: not a git repository (or any of the parent directories): .git
2023-03-03 10:35:20.903 [info] > git rev-parse --show-toplevel [8ms]
2023-03-03 10:35:20.903 [info] fatal: not a git repository (or any of the parent directories): .git
2023-03-03 10:39:11.880 [info] > git rev-parse --show-toplevel [7ms]
2023-03-03 10:39:11.880 [info] fatal: not a git repository (or any of the parent directories): .git
2023-03-03 10:39:14.946 [info] > git rev-parse --show-toplevel [7ms]
2023-03-03 10:39:14.946 [info] fatal: not a git repository (or any of the parent directories): .git
2023-03-03 10:41:17.794 [info] > git rev-parse --show-toplevel [3ms]
2023-03-03 10:41:17.794 [info] fatal: not a git repository (or any of the parent directories): .git
2023-03-03 10:41:39.141 [info] > git rev-parse --show-toplevel [8ms]
2023-03-03 10:41:39.141 [info] fatal: not a git repository (or any of the parent directories): .git
2023-03-03 10:55:39.022 [info] > git rev-parse --show-toplevel [5ms]
2023-03-03 10:55:39.022 [info] fatal: not a git repository (or any of the parent directories): .git
2023-03-03 10:55:41.172 [info] > git rev-parse --show-toplevel [7ms]
2023-03-03 10:55:41.172 [info] fatal: not a git repository (or any of the parent directories): .git
2023-03-03 10:56:34.443 [info] > git rev-parse --show-toplevel [7ms]
2023-03-03 10:56:34.443 [info] fatal: not a git repository (or any of the parent directories): .git
2023-03-03 11:44:45.725 [info] > git rev-parse --show-toplevel [6ms]
2023-03-03 11:44:45.725 [info] fatal: not a git repository (or any of the parent directories): .git
2023-03-03 11:45:08.464 [info] > git rev-parse --show-toplevel [5ms]
2023-03-03 11:45:08.464 [info] fatal: not a git repository (or any of the parent directories): .git
2023-03-03 11:45:13.081 [info] > git rev-parse --show-toplevel [6ms]
2023-03-03 11:45:13.081 [info] fatal: not a git repository (or any of the parent directories): .git
2023-03-03 11:45:33.763 [info] > git rev-parse --show-toplevel [5ms]
2023-03-03 11:45:33.763 [info] fatal: not a git repository (or any of the parent directories): .git
2023-03-03 11:45:48.840 [info] > git rev-parse --show-toplevel [5ms]
2023-03-03 11:45:48.841 [info] fatal: not a git repository (or any of the parent directories): .git
2023-03-03 12:05:12.895 [info] > git rev-parse --show-toplevel [3ms]
2023-03-03 12:05:12.895 [info] fatal: not a git repository (or any of the parent directories): .git
2023-03-03 12:06:38.482 [info] > git rev-parse --show-toplevel [6ms]
2023-03-03 12:06:38.482 [info] fatal: not a git repository (or any of the parent directories): .git
2023-03-03 12:08:19.647 [info] > git rev-parse --show-toplevel [3ms]
2023-03-03 12:08:19.647 [info] fatal: not a git repository (or any of the parent directories): .git
2023-03-03 12:08:38.235 [info] > git rev-parse --show-toplevel [6ms]
2023-03-03 12:08:38.235 [info] fatal: not a git repository (or any of the parent directories): .git
2023-03-03 12:09:00.295 [info] > git rev-parse --show-toplevel [4ms]
2023-03-03 12:09:00.295 [info] fatal: not a git repository (or any of the parent directories): .git
2023-03-03 12:09:16.761 [info] > git rev-parse --show-toplevel [5ms]
2023-03-03 12:09:16.761 [info] fatal: not a git repository (or any of the parent directories): .git
2023-03-03 12:10:07.523 [info] > git rev-parse --show-toplevel [4ms]
2023-03-03 12:10:07.523 [info] fatal: not a git repository (or any of the parent directories): .git
2023-03-03 12:10:25.904 [info] > git rev-parse --show-toplevel [6ms]
2023-03-03 12:10:25.904 [info] fatal: not a git repository (or any of the parent directories): .git
2023-03-03 12:10:47.092 [info] > git rev-parse --show-toplevel [3ms]
2023-03-03 12:10:47.092 [info] fatal: not a git repository (or any of the parent directories): .git
2023-03-03 12:11:20.643 [info] > git rev-parse --show-toplevel [6ms]
2023-03-03 12:11:20.643 [info] fatal: not a git repository (or any of the parent directories): .git
2023-03-03 12:11:53.893 [info] > git rev-parse --show-toplevel [4ms]
2023-03-03 12:11:53.893 [info] fatal: not a git repository (or any of the parent directories): .git
2023-03-03 12:13:26.423 [info] > git rev-parse --show-toplevel [6ms]
2023-03-03 12:13:26.423 [info] fatal: not a git repository (or any of the parent directories): .git
2023-03-03 12:15:07.522 [info] > git rev-parse --show-toplevel [4ms]
2023-03-03 12:15:07.522 [info] fatal: not a git repository (or any of the parent directories): .git
2023-03-03 12:15:46.223 [info] > git rev-parse --show-toplevel [5ms]
2023-03-03 12:15:46.223 [info] fatal: not a git repository (or any of the parent directories): .git
2023-03-03 12:15:58.423 [info] > git rev-parse --show-toplevel [4ms]
2023-03-03 12:15:58.423 [info] fatal: not a git repository (or any of the parent directories): .git
2023-03-03 12:16:47.787 [info] > git rev-parse --show-toplevel [3ms]
2023-03-03 12:16:47.787 [info] fatal: not a git repository (or any of the parent directories): .git
2023-03-03 12:17:25.254 [info] > git rev-parse --show-toplevel [6ms]
2023-03-03 12:17:25.254 [info] fatal: not a git repository (or any of the parent directories): .git
2023-03-03 12:17:46.307 [info] > git rev-parse --show-toplevel [5ms]
2023-03-03 12:17:46.307 [info] fatal: not a git repository (or any of the parent directories): .git
2023-03-03 12:17:56.343 [info] > git rev-parse --show-toplevel [4ms]
2023-03-03 12:17:56.343 [info] fatal: not a git repository (or any of the parent directories): .git
2023-03-03 12:18:34.826 [info] > git rev-parse --show-toplevel [4ms]
2023-03-03 12:18:34.826 [info] fatal: not a git repository (or any of the parent directories): .git
2023-03-03 12:19:13.985 [info] > git rev-parse --show-toplevel [8ms]
2023-03-03 12:19:13.985 [info] fatal: not a git repository (or any of the parent directories): .git
2023-03-03 12:19:36.889 [info] > git rev-parse --show-toplevel [5ms]
2023-03-03 12:19:36.889 [info] fatal: not a git repository (or any of the parent directories): .git
2023-03-03 12:21:30.688 [info] > git rev-parse --show-toplevel [3ms]
2023-03-03 12:21:30.688 [info] fatal: not a git repository (or any of the parent directories): .git
2023-03-03 12:21:41.891 [info] > git rev-parse --show-toplevel [4ms]
2023-03-03 12:21:41.891 [info] fatal: not a git repository (or any of the parent directories): .git
2023-03-03 12:22:16.398 [info] > git rev-parse --show-toplevel [7ms]
2023-03-03 12:22:16.398 [info] fatal: not a git repository (or any of the parent directories): .git
2023-03-03 13:01:33.750 [info] > git rev-parse --show-toplevel [8ms]
2023-03-03 13:01:33.750 [info] fatal: not a git repository (or any of the parent directories): .git
2023-03-03 13:02:21.863 [info] > git rev-parse --show-toplevel [6ms]
2023-03-03 13:02:21.863 [info] fatal: not a git repository (or any of the parent directories): .git
2023-03-03 13:03:55.618 [info] > git rev-parse --show-toplevel [6ms]
2023-03-03 13:03:55.618 [info] fatal: not a git repository (or any of the parent directories): .git
2023-03-03 13:03:58.924 [info] > git rev-parse --show-toplevel [4ms]
2023-03-03 13:03:58.924 [info] fatal: not a git repository (or any of the parent directories): .git
2023-03-03 13:04:21.402 [info] > git rev-parse --show-toplevel [6ms]
2023-03-03 13:04:21.402 [info] fatal: not a git repository (or any of the parent directories): .git
2023-03-03 13:33:22.257 [info] > git rev-parse --show-toplevel [2ms]
2023-03-03 13:33:22.257 [info] fatal: not a git repository (or any of the parent directories): .git
2023-03-03 13:34:57.274 [info] > git rev-parse --show-toplevel [4ms]
2023-03-03 13:34:57.274 [info] fatal: not a git repository (or any of the parent directories): .git
2023-03-03 13:34:58.910 [info] > git rev-parse --show-toplevel [5ms]
2023-03-03 13:34:58.910 [info] fatal: not a git repository (or any of the parent directories): .git
2023-03-03 13:35:03.779 [info] > git rev-parse --show-toplevel [5ms]
2023-03-03 13:35:03.779 [info] fatal: not a git repository (or any of the parent directories): .git
2023-03-03 13:36:29.917 [info] > git rev-parse --show-toplevel [5ms]
2023-03-03 13:36:29.917 [info] fatal: not a git repository (or any of the parent directories): .git
2023-03-03 13:36:42.902 [info] > git rev-parse --show-toplevel [3ms]
2023-03-03 13:36:42.902 [info] fatal: not a git repository (or any of the parent directories): .git
2023-03-03 13:37:56.372 [info] > git rev-parse --show-toplevel [10ms]
2023-03-03 13:37:56.372 [info] fatal: not a git repository (or any of the parent directories): .git
2023-03-03 13:38:07.964 [info] > git rev-parse --show-toplevel [6ms]
2023-03-03 13:38:07.964 [info] fatal: not a git repository (or any of the parent directories): .git
2023-03-03 13:38:13.218 [info] > git rev-parse --show-toplevel [4ms]
2023-03-03 13:38:13.219 [info] fatal: not a git repository (or any of the parent directories): .git
2023-03-03 13:38:19.579 [info] > git rev-parse --show-toplevel [6ms]
2023-03-03 13:38:19.579 [info] fatal: not a git repository (or any of the parent directories): .git
2023-03-03 13:38:32.600 [info] > git rev-parse --show-toplevel [4ms]
2023-03-03 13:38:32.600 [info] fatal: not a git repository (or any of the parent directories): .git
2023-03-03 13:38:33.674 [info] > git rev-parse --show-toplevel [6ms]
2023-03-03 13:38:33.674 [info] fatal: not a git repository (or any of the parent directories): .git
2023-03-03 13:38:35.006 [info] > git rev-parse --show-toplevel [10ms]
2023-03-03 13:38:35.006 [info] fatal: not a git repository (or any of the parent directories): .git
2023-03-03 13:38:41.122 [info] > git rev-parse --show-toplevel [3ms]
2023-03-03 13:38:41.122 [info] fatal: not a git repository (or any of the parent directories): .git
2023-03-03 13:38:42.875 [info] > git rev-parse --show-toplevel [5ms]
2023-03-03 13:38:42.875 [info] fatal: not a git repository (or any of the parent directories): .git
2023-03-03 13:38:51.355 [info] > git rev-parse --show-toplevel [5ms]
2023-03-03 13:38:51.355 [info] fatal: not a git repository (or any of the parent directories): .git
2023-03-03 13:38:56.083 [info] > git rev-parse --show-toplevel [3ms]
2023-03-03 13:38:56.083 [info] fatal: not a git repository (or any of the parent directories): .git
2023-03-03 13:38:57.587 [info] > git rev-parse --show-toplevel [6ms]
2023-03-03 13:38:57.587 [info] fatal: not a git repository (or any of the parent directories): .git
2023-03-03 13:39:01.514 [info] > git rev-parse --show-toplevel [5ms]
2023-03-03 13:39:01.514 [info] fatal: not a git repository (or any of the parent directories): .git
2023-03-03 13:39:04.898 [info] > git rev-parse --show-toplevel [5ms]
2023-03-03 13:39:04.898 [info] fatal: not a git repository (or any of the parent directories): .git
2023-03-03 13:39:07.454 [info] > git rev-parse --show-toplevel [11ms]
2023-03-03 13:39:07.454 [info] fatal: not a git repository (or any of the parent directories): .git
2023-03-03 13:39:16.165 [info] > git rev-parse --show-toplevel [6ms]
2023-03-03 13:39:16.165 [info] fatal: not a git repository (or any of the parent directories): .git
2023-03-03 13:40:42.738 [info] > git rev-parse --show-toplevel [4ms]
2023-03-03 13:40:42.738 [info] fatal: not a git repository (or any of the parent directories): .git
2023-03-03 13:41:00.484 [info] > git rev-parse --show-toplevel [5ms]
2023-03-03 13:41:00.484 [info] fatal: not a git repository (or any of the parent directories): .git
2023-03-03 13:46:12.619 [info] > git rev-parse --show-toplevel [19ms]
2023-03-03 13:46:12.619 [info] fatal: not a git repository (or any of the parent directories): .git
2023-03-03 13:46:15.757 [info] > git rev-parse --show-toplevel [3ms]
2023-03-03 13:46:15.757 [info] fatal: not a git repository (or any of the parent directories): .git
2023-03-03 13:46:37.696 [info] > git rev-parse --show-toplevel [6ms]
2023-03-03 13:46:37.696 [info] fatal: not a git repository (or any of the parent directories): .git
2023-03-03 13:48:17.201 [info] > git rev-parse --show-toplevel [11ms]
2023-03-03 13:48:17.201 [info] fatal: not a git repository (or any of the parent directories): .git
2023-03-03 13:48:35.929 [info] > git rev-parse --show-toplevel [6ms]
2023-03-03 13:48:35.929 [info] fatal: not a git repository (or any of the parent directories): .git
2023-03-03 13:53:33.740 [info] > git rev-parse --show-toplevel [7ms]
2023-03-03 13:53:33.741 [info] fatal: not a git repository (or any of the parent directories): .git
2023-03-03 13:53:35.791 [info] > git rev-parse --show-toplevel [6ms]
2023-03-03 13:53:35.791 [info] fatal: not a git repository (or any of the parent directories): .git
2023-03-03 13:53:36.901 [info] > git rev-parse --show-toplevel [11ms]
2023-03-03 13:53:36.901 [info] fatal: not a git repository (or any of the parent directories): .git
2023-03-03 13:54:18.632 [info] > git rev-parse --show-toplevel [7ms]
2023-03-03 13:54:18.632 [info] fatal: not a git repository (or any of the parent directories): .git
2023-03-03 13:54:59.388 [info] > git rev-parse --show-toplevel [4ms]
2023-03-03 13:54:59.388 [info] fatal: not a git repository (or any of the parent directories): .git
2023-03-03 13:55:06.030 [info] > git rev-parse --show-toplevel [12ms]
2023-03-03 13:55:06.030 [info] fatal: not a git repository (or any of the parent directories): .git
2023-03-03 13:57:39.586 [info] > git rev-parse --show-toplevel [5ms]
2023-03-03 13:57:39.586 [info] fatal: not a git repository (or any of the parent directories): .git
