2023-03-06 04:29:11.260 [info] Log level: Info
2023-03-06 04:29:11.260 [info] Validating found git in: "git"
2023-03-06 04:29:11.260 [info] Using git "2.39.2" from "git"
2023-03-06 08:36:57.832 [info] > git rev-parse --show-toplevel [3ms]
2023-03-06 08:36:57.832 [info] fatal: not a git repository (or any of the parent directories): .git
2023-03-06 08:37:09.706 [info] > git rev-parse --show-toplevel [2ms]
2023-03-06 08:37:09.706 [info] fatal: not a git repository (or any of the parent directories): .git
2023-03-06 08:52:19.356 [info] > git rev-parse --show-toplevel [8ms]
2023-03-06 08:52:19.356 [info] fatal: not a git repository (or any of the parent directories): .git
2023-03-06 08:52:52.405 [info] > git rev-parse --show-toplevel [6ms]
2023-03-06 08:52:52.405 [info] fatal: not a git repository (or any of the parent directories): .git
2023-03-06 08:54:53.860 [info] > git rev-parse --show-toplevel [8ms]
2023-03-06 08:54:53.860 [info] fatal: not a git repository (or any of the parent directories): .git
2023-03-06 08:54:55.929 [info] > git rev-parse --show-toplevel [13ms]
2023-03-06 08:54:55.929 [info] fatal: not a git repository (or any of the parent directories): .git
2023-03-06 08:54:57.407 [info] > git rev-parse --show-toplevel [4ms]
2023-03-06 08:54:57.407 [info] fatal: not a git repository (or any of the parent directories): .git
2023-03-06 08:54:58.731 [info] > git rev-parse --show-toplevel [6ms]
2023-03-06 08:54:58.731 [info] fatal: not a git repository (or any of the parent directories): .git
2023-03-06 08:55:05.534 [info] > git rev-parse --show-toplevel [10ms]
2023-03-06 08:55:05.534 [info] fatal: not a git repository (or any of the parent directories): .git
2023-03-06 08:55:28.136 [info] > git rev-parse --show-toplevel [7ms]
2023-03-06 08:55:28.136 [info] fatal: not a git repository (or any of the parent directories): .git
2023-03-06 08:55:36.534 [info] > git rev-parse --show-toplevel [7ms]
2023-03-06 08:55:36.534 [info] fatal: not a git repository (or any of the parent directories): .git
2023-03-06 08:55:42.693 [info] > git rev-parse --show-toplevel [6ms]
2023-03-06 08:55:42.693 [info] fatal: not a git repository (or any of the parent directories): .git
2023-03-06 08:55:52.748 [info] > git rev-parse --show-toplevel [7ms]
2023-03-06 08:55:52.748 [info] fatal: not a git repository (or any of the parent directories): .git
2023-03-06 08:55:55.573 [info] > git rev-parse --show-toplevel [7ms]
2023-03-06 08:55:55.573 [info] fatal: not a git repository (or any of the parent directories): .git
2023-03-06 08:56:29.018 [info] > git rev-parse --show-toplevel [6ms]
2023-03-06 08:56:29.018 [info] fatal: not a git repository (or any of the parent directories): .git
2023-03-06 08:57:03.706 [info] > git rev-parse --show-toplevel [5ms]
2023-03-06 08:57:03.706 [info] fatal: not a git repository (or any of the parent directories): .git
2023-03-06 08:57:23.952 [info] > git rev-parse --show-toplevel [5ms]
2023-03-06 08:57:23.952 [info] fatal: not a git repository (or any of the parent directories): .git
2023-03-06 08:57:35.505 [info] > git rev-parse --show-toplevel [6ms]
2023-03-06 08:57:35.505 [info] fatal: not a git repository (or any of the parent directories): .git
2023-03-06 08:58:20.920 [info] > git rev-parse --show-toplevel [5ms]
2023-03-06 08:58:20.920 [info] fatal: not a git repository (or any of the parent directories): .git
2023-03-06 08:58:25.334 [info] > git rev-parse --show-toplevel [7ms]
2023-03-06 08:58:25.334 [info] fatal: not a git repository (or any of the parent directories): .git
2023-03-06 08:59:00.472 [info] > git rev-parse --show-toplevel [4ms]
2023-03-06 08:59:00.472 [info] fatal: not a git repository (or any of the parent directories): .git
2023-03-06 08:59:07.938 [info] > git rev-parse --show-toplevel [13ms]
2023-03-06 08:59:07.938 [info] fatal: not a git repository (or any of the parent directories): .git
2023-03-06 09:04:04.305 [info] > git rev-parse --show-toplevel [5ms]
2023-03-06 09:04:04.305 [info] fatal: not a git repository (or any of the parent directories): .git
2023-03-06 09:04:08.157 [info] > git rev-parse --show-toplevel [7ms]
2023-03-06 09:04:08.157 [info] fatal: not a git repository (or any of the parent directories): .git
2023-03-06 09:04:13.163 [info] > git rev-parse --show-toplevel [2ms]
2023-03-06 09:04:13.163 [info] fatal: not a git repository (or any of the parent directories): .git
2023-03-06 09:04:17.942 [info] > git rev-parse --show-toplevel [8ms]
2023-03-06 09:04:17.943 [info] fatal: not a git repository (or any of the parent directories): .git
2023-03-06 09:09:37.830 [info] > git rev-parse --show-toplevel [10ms]
2023-03-06 09:09:37.830 [info] fatal: not a git repository (or any of the parent directories): .git
2023-03-06 09:10:04.635 [info] > git rev-parse --show-toplevel [8ms]
2023-03-06 09:10:04.635 [info] fatal: not a git repository (or any of the parent directories): .git
2023-03-06 09:13:20.566 [info] > git rev-parse --show-toplevel [6ms]
2023-03-06 09:13:20.566 [info] fatal: not a git repository (or any of the parent directories): .git
2023-03-06 09:13:24.890 [info] > git rev-parse --show-toplevel [5ms]
2023-03-06 09:13:24.891 [info] fatal: not a git repository (or any of the parent directories): .git
2023-03-06 09:14:14.416 [info] > git rev-parse --show-toplevel [6ms]
2023-03-06 09:14:14.416 [info] fatal: not a git repository (or any of the parent directories): .git
2023-03-06 09:14:18.833 [info] > git rev-parse --show-toplevel [7ms]
2023-03-06 09:14:18.833 [info] fatal: not a git repository (or any of the parent directories): .git
2023-03-06 09:29:00.037 [info] > git rev-parse --show-toplevel [10ms]
2023-03-06 09:29:00.037 [info] fatal: not a git repository (or any of the parent directories): .git
2023-03-06 09:29:11.417 [info] > git rev-parse --show-toplevel [4ms]
2023-03-06 09:29:11.417 [info] fatal: not a git repository (or any of the parent directories): .git
2023-03-06 09:31:47.827 [info] > git rev-parse --show-toplevel [12ms]
2023-03-06 09:31:47.827 [info] fatal: not a git repository (or any of the parent directories): .git
2023-03-06 09:32:23.212 [info] > git rev-parse --show-toplevel [7ms]
2023-03-06 09:32:23.212 [info] fatal: not a git repository (or any of the parent directories): .git
2023-03-06 09:43:31.544 [info] > git rev-parse --show-toplevel [5ms]
2023-03-06 09:43:31.544 [info] fatal: not a git repository (or any of the parent directories): .git
2023-03-06 09:43:52.907 [info] > git rev-parse --show-toplevel [13ms]
2023-03-06 09:43:52.907 [info] fatal: not a git repository (or any of the parent directories): .git
2023-03-06 09:44:39.388 [info] > git rev-parse --show-toplevel [3ms]
2023-03-06 09:44:39.388 [info] fatal: not a git repository (or any of the parent directories): .git
2023-03-06 09:45:14.895 [info] > git rev-parse --show-toplevel [4ms]
2023-03-06 09:45:14.895 [info] fatal: not a git repository (or any of the parent directories): .git
2023-03-06 09:45:29.896 [info] > git rev-parse --show-toplevel [6ms]
2023-03-06 09:45:29.896 [info] fatal: not a git repository (or any of the parent directories): .git
2023-03-06 10:18:18.609 [info] > git rev-parse --show-toplevel [7ms]
2023-03-06 10:18:18.609 [info] fatal: not a git repository (or any of the parent directories): .git
2023-03-06 10:18:27.607 [info] > git rev-parse --show-toplevel [7ms]
2023-03-06 10:18:27.607 [info] fatal: not a git repository (or any of the parent directories): .git
2023-03-06 10:18:31.786 [info] > git rev-parse --show-toplevel [4ms]
2023-03-06 10:18:31.786 [info] fatal: not a git repository (or any of the parent directories): .git
2023-03-06 10:19:37.020 [info] > git rev-parse --show-toplevel [5ms]
2023-03-06 10:19:37.020 [info] fatal: not a git repository (or any of the parent directories): .git
2023-03-06 10:20:20.896 [info] > git rev-parse --show-toplevel [4ms]
2023-03-06 10:20:20.896 [info] fatal: not a git repository (or any of the parent directories): .git
2023-03-06 10:20:25.011 [info] > git rev-parse --show-toplevel [6ms]
2023-03-06 10:20:25.012 [info] fatal: not a git repository (or any of the parent directories): .git
2023-03-06 10:35:31.004 [info] > git rev-parse --show-toplevel [4ms]
2023-03-06 10:35:31.004 [info] fatal: not a git repository (or any of the parent directories): .git
2023-03-06 10:35:41.508 [info] > git rev-parse --show-toplevel [6ms]
2023-03-06 10:35:41.509 [info] fatal: not a git repository (or any of the parent directories): .git
2023-03-06 10:37:48.070 [info] > git rev-parse --show-toplevel [9ms]
2023-03-06 10:37:48.070 [info] fatal: not a git repository (or any of the parent directories): .git
2023-03-06 10:38:39.158 [info] > git rev-parse --show-toplevel [7ms]
2023-03-06 10:38:39.158 [info] fatal: not a git repository (or any of the parent directories): .git
2023-03-06 10:44:41.469 [info] > git rev-parse --show-toplevel [6ms]
2023-03-06 10:44:41.469 [info] fatal: not a git repository (or any of the parent directories): .git
2023-03-06 10:44:43.672 [info] > git rev-parse --show-toplevel [8ms]
2023-03-06 10:44:43.672 [info] fatal: not a git repository (or any of the parent directories): .git
2023-03-06 10:44:46.906 [info] > git rev-parse --show-toplevel [11ms]
2023-03-06 10:44:46.906 [info] fatal: not a git repository (or any of the parent directories): .git
2023-03-06 10:45:23.987 [info] > git rev-parse --show-toplevel [7ms]
2023-03-06 10:45:23.987 [info] fatal: not a git repository (or any of the parent directories): .git
2023-03-06 10:45:33.925 [info] > git rev-parse --show-toplevel [6ms]
2023-03-06 10:45:33.925 [info] fatal: not a git repository (or any of the parent directories): .git
2023-03-06 10:49:00.476 [info] > git rev-parse --show-toplevel [6ms]
2023-03-06 10:49:00.476 [info] fatal: not a git repository (or any of the parent directories): .git
2023-03-06 10:49:04.814 [info] > git rev-parse --show-toplevel [4ms]
2023-03-06 10:49:04.814 [info] fatal: not a git repository (or any of the parent directories): .git
2023-03-06 10:50:32.251 [info] > git rev-parse --show-toplevel [5ms]
2023-03-06 10:50:32.251 [info] fatal: not a git repository (or any of the parent directories): .git
2023-03-06 10:50:50.563 [info] > git rev-parse --show-toplevel [4ms]
2023-03-06 10:50:50.563 [info] fatal: not a git repository (or any of the parent directories): .git
2023-03-06 10:50:53.258 [info] > git rev-parse --show-toplevel [4ms]
2023-03-06 10:50:53.258 [info] fatal: not a git repository (or any of the parent directories): .git
2023-03-06 10:54:00.411 [info] > git rev-parse --show-toplevel [8ms]
2023-03-06 10:54:00.411 [info] fatal: not a git repository (or any of the parent directories): .git
2023-03-06 10:57:51.361 [info] > git rev-parse --show-toplevel [5ms]
2023-03-06 10:57:51.361 [info] fatal: not a git repository (or any of the parent directories): .git
2023-03-06 10:58:56.097 [info] > git rev-parse --show-toplevel [8ms]
2023-03-06 10:58:56.097 [info] fatal: not a git repository (or any of the parent directories): .git
2023-03-06 11:00:36.060 [info] > git rev-parse --show-toplevel [5ms]
2023-03-06 11:00:36.060 [info] fatal: not a git repository (or any of the parent directories): .git
2023-03-06 11:01:25.949 [info] > git rev-parse --show-toplevel [6ms]
2023-03-06 11:01:25.949 [info] fatal: not a git repository (or any of the parent directories): .git
2023-03-06 11:22:08.321 [info] > git rev-parse --show-toplevel [10ms]
2023-03-06 11:22:08.321 [info] fatal: not a git repository (or any of the parent directories): .git
2023-03-06 11:22:49.558 [info] > git rev-parse --show-toplevel [9ms]
2023-03-06 11:22:49.558 [info] fatal: not a git repository (or any of the parent directories): .git
2023-03-06 11:35:35.436 [info] > git rev-parse --show-toplevel [7ms]
2023-03-06 11:35:35.436 [info] fatal: not a git repository (or any of the parent directories): .git
2023-03-06 11:37:44.203 [info] > git rev-parse --show-toplevel [7ms]
2023-03-06 11:37:44.204 [info] fatal: not a git repository (or any of the parent directories): .git
2023-03-06 11:48:33.765 [info] > git rev-parse --show-toplevel [4ms]
2023-03-06 11:48:33.765 [info] fatal: not a git repository (or any of the parent directories): .git
2023-03-06 11:49:16.018 [info] > git rev-parse --show-toplevel [8ms]
2023-03-06 11:49:16.018 [info] fatal: not a git repository (or any of the parent directories): .git
2023-03-06 12:24:01.608 [info] > git rev-parse --show-toplevel [5ms]
2023-03-06 12:24:01.609 [info] fatal: not a git repository (or any of the parent directories): .git
2023-03-06 12:24:05.155 [info] > git rev-parse --show-toplevel [8ms]
2023-03-06 12:24:05.155 [info] fatal: not a git repository (or any of the parent directories): .git
