2023-03-07 11:42:54.172 [info] Log level: Info
2023-03-07 11:42:54.172 [info] Validating found git in: "git"
2023-03-07 11:42:54.203 [info] Using git "2.39.2" from "git"
2023-03-07 11:42:54.246 [info] > git rev-parse --show-toplevel [16ms]
2023-03-07 11:42:54.276 [info] > git rev-parse --git-dir --git-common-dir [15ms]
2023-03-07 11:42:54.302 [info] Open repository: /home/agneta
2023-03-07 11:42:54.362 [info] > git rev-parse --show-toplevel [42ms]
2023-03-07 11:42:54.381 [info] > git config --get commit.template [19ms]
2023-03-07 11:42:54.411 [info] > git for-each-ref --format=%(refname)%00%(upstream:short)%00%(objectname)%00%(upstream:track)%00%(upstream:remotename)%00%(upstream:remoteref) refs/heads/main refs/remotes/main [32ms]
2023-03-07 11:42:54.880 [info] > git check-ignore -v -z --stdin [16ms]
2023-03-07 11:42:55.514 [info] > git status -z -uall [1096ms]
2023-03-07 11:42:55.945 [info] > git config --get commit.template [298ms]
2023-03-07 11:42:55.989 [info] > git for-each-ref --format=%(refname)%00%(upstream:short)%00%(objectname)%00%(upstream:track)%00%(upstream:remotename)%00%(upstream:remoteref) refs/heads/main refs/remotes/main [4ms]
2023-03-07 11:42:56.510 [info] > git status -z -uall [505ms]
2023-03-07 11:43:06.741 [info] > git config --get commit.template [1ms]
2023-03-07 11:43:06.747 [info] > git for-each-ref --format=%(refname)%00%(upstream:short)%00%(objectname)%00%(upstream:track)%00%(upstream:remotename)%00%(upstream:remoteref) refs/heads/main refs/remotes/main [2ms]
2023-03-07 11:43:06.886 [info] > git status -z -uall [136ms]
2023-03-07 11:43:11.914 [info] > git config --get commit.template [5ms]
2023-03-07 11:43:11.916 [info] > git for-each-ref --format=%(refname)%00%(upstream:short)%00%(objectname)%00%(upstream:track)%00%(upstream:remotename)%00%(upstream:remoteref) refs/heads/main refs/remotes/main [2ms]
2023-03-07 11:43:12.054 [info] > git status -z -uall [134ms]
2023-03-07 11:43:15.940 [info] > git check-ignore -v -z --stdin [7ms]
2023-03-07 11:43:17.080 [info] > git config --get commit.template [7ms]
2023-03-07 11:43:17.083 [info] > git for-each-ref --format=%(refname)%00%(upstream:short)%00%(objectname)%00%(upstream:track)%00%(upstream:remotename)%00%(upstream:remoteref) refs/heads/main refs/remotes/main [5ms]
2023-03-07 11:43:17.217 [info] > git status -z -uall [129ms]
2023-03-07 11:43:22.258 [info] > git config --get commit.template [7ms]
2023-03-07 11:43:22.259 [info] > git for-each-ref --format=%(refname)%00%(upstream:short)%00%(objectname)%00%(upstream:track)%00%(upstream:remotename)%00%(upstream:remoteref) refs/heads/main refs/remotes/main [3ms]
2023-03-07 11:43:22.399 [info] > git status -z -uall [137ms]
2023-03-07 11:43:27.427 [info] > git config --get commit.template [5ms]
2023-03-07 11:43:27.429 [info] > git for-each-ref --format=%(refname)%00%(upstream:short)%00%(objectname)%00%(upstream:track)%00%(upstream:remotename)%00%(upstream:remoteref) refs/heads/main refs/remotes/main [3ms]
2023-03-07 11:43:27.575 [info] > git status -z -uall [140ms]
2023-03-07 11:43:28.638 [info] > git show --textconv :.git/COMMIT_EDITMSG [31ms]
2023-03-07 11:43:28.653 [info] > git ls-files --stage -- /home/agneta/.git/COMMIT_EDITMSG [16ms]
2023-03-07 11:43:28.817 [info] > git check-ignore -v -z --stdin [4ms]
2023-03-07 11:43:29.170 [info] > git ls-files --stage -- /home/agneta/.git/COMMIT_EDITMSG [3ms]
2023-03-07 11:43:29.180 [info] > git show --textconv :.git/COMMIT_EDITMSG [4ms]
